TN:
SF:/Users/philpill/Projects/tbgscratch/static/js/webpack:/(webpack)/buildin/global.js
FN:4,(anonymous_378)
FNF:1
FNH:1
FNDA:1,(anonymous_378)
DA:4,1
DA:5,1
DA:8,1
DA:10,1
DA:13,0
DA:14,0
DA:21,1
LF:7
LH:5
BRDA:10,0,0,1
BRDA:10,0,1,0
BRDA:10,0,2,0
BRDA:13,1,0,0
BRDA:13,1,1,0
BRF:5
BRH:1
end_of_record
TN:
SF:/Users/philpill/Projects/tbgscratch/static/js/webpack:/assets/ts/settings.ts
FN:3,(anonymous_306)
FN:4,Settings
FNF:2
FNH:2
FNDA:1,(anonymous_306)
FNDA:3,Settings
DA:2,1
DA:3,1
DA:5,3
DA:6,3
DA:7,3
DA:8,3
DA:9,3
DA:11,1
DA:13,1
LF:9
LH:9
BRF:0
BRH:0
end_of_record
TN:
SF:/Users/philpill/Projects/tbgscratch/static/js/webpack:/assets/ts/systems/move.ts
FN:3,(anonymous_386)
FN:4,MoveSystem
FN:8,(anonymous_388)
FN:9,(anonymous_389)
FN:10,(anonymous_390)
FN:15,(anonymous_391)
FN:22,(anonymous_392)
FN:29,(anonymous_393)
FN:37,(anonymous_394)
FN:39,(anonymous_395)
FNF:10
FNH:4
FNDA:1,(anonymous_386)
FNDA:3,MoveSystem
FNDA:0,(anonymous_388)
FNDA:0,(anonymous_389)
FNDA:2,(anonymous_390)
FNDA:2,(anonymous_391)
FNDA:0,(anonymous_392)
FNDA:0,(anonymous_393)
FNDA:0,(anonymous_394)
FNDA:0,(anonymous_395)
DA:2,1
DA:3,1
DA:5,3
DA:6,3
DA:8,1
DA:9,1
DA:10,1
DA:12,2
DA:13,2
DA:15,1
DA:16,2
DA:18,2
DA:19,2
DA:20,2
DA:22,1
DA:24,0
DA:27,0
DA:29,1
DA:30,0
DA:31,0
DA:33,0
DA:35,0
DA:37,1
DA:38,0
DA:39,0
DA:40,0
DA:41,0
DA:42,0
DA:43,0
DA:44,0
DA:45,0
DA:46,0
DA:47,0
DA:48,0
DA:49,0
DA:50,0
DA:51,0
DA:52,0
DA:56,1
DA:58,1
LF:40
LH:19
BRDA:12,0,0,1
BRDA:12,0,1,1
BRDA:24,1,0,0
BRDA:24,1,1,0
BRDA:31,2,0,0
BRDA:31,2,1,0
BRDA:50,3,0,0
BRDA:50,3,1,0
BRF:8
BRH:2
end_of_record
TN:
SF:/Users/philpill/Projects/tbgscratch/static/js/webpack:/test/systems/moveSystem.ts
FN:7,(anonymous_10)
FN:10,(anonymous_11)
FN:14,(anonymous_12)
FN:15,(anonymous_13)
FN:21,(anonymous_14)
FN:22,(anonymous_15)
FN:26,(anonymous_16)
FNF:7
FNH:7
FNDA:1,(anonymous_10)
FNDA:3,(anonymous_11)
FNDA:1,(anonymous_12)
FNDA:1,(anonymous_13)
FNDA:1,(anonymous_14)
FNDA:1,(anonymous_15)
FNDA:1,(anonymous_16)
DA:2,1
DA:3,1
DA:4,1
DA:5,1
DA:6,1
DA:7,1
DA:10,1
DA:11,3
DA:12,3
DA:14,1
DA:15,1
DA:16,1
DA:17,1
DA:18,1
DA:21,1
DA:22,1
DA:23,1
DA:24,1
DA:26,1
DA:27,1
DA:29,1
LF:21
LH:21
BRF:0
BRH:0
end_of_record
TN:
SF:/Users/philpill/Projects/tbgscratch/static/js/webpack:/webpack/bootstrap 7bdf4890a246ee30137d
FN:5,__webpack_require__
FN:36,(anonymous_2)
FN:39,(anonymous_3)
FN:50,(anonymous_4)
FN:52,getDefault
FN:53,getModuleExports
FN:59,(anonymous_7)
FNF:7
FNH:1
FNDA:67,__webpack_require__
FNDA:0,(anonymous_2)
FNDA:0,(anonymous_3)
FNDA:0,(anonymous_4)
FNDA:0,getDefault
FNDA:0,getModuleExports
FNDA:0,(anonymous_7)
DA:2,1
DA:8,67
DA:9,22
DA:12,45
DA:19,45
DA:22,45
DA:25,45
DA:30,1
DA:33,1
DA:36,1
DA:39,1
DA:40,0
DA:41,0
DA:50,1
DA:51,0
DA:52,0
DA:53,0
DA:54,0
DA:55,0
DA:59,1
DA:62,1
DA:65,1
LF:22
LH:15
BRDA:8,0,0,22
BRDA:8,0,1,45
BRDA:40,1,0,0
BRDA:40,1,1,0
BRDA:52,2,0,0
BRDA:52,2,1,0
BRDA:51,3,0,0
BRDA:51,3,1,0
BRF:8
BRH:2
end_of_record
TN:
SF:/Users/philpill/Projects/tbgscratch/static/js/webpack:/~/assertion-error/index.js
FN:16,exclude
FN:19,excludeProps
FN:20,(anonymous_420)
FN:25,extendExclude
FN:55,AssertionError
FN:106,(anonymous_423)
FNF:6
FNH:0
FNDA:0,exclude
FNDA:0,excludeProps
FNDA:0,(anonymous_420)
FNDA:0,extendExclude
FNDA:0,AssertionError
FNDA:0,(anonymous_423)
DA:17,0
DA:20,0
DA:21,0
DA:25,0
DA:26,0
DA:27,0
DA:28,0
DA:30,0
DA:31,0
DA:34,0
DA:42,1
DA:56,0
DA:57,0
DA:60,0
DA:61,0
DA:64,0
DA:65,0
DA:69,0
DA:70,0
DA:71,0
DA:73,0
DA:74,0
DA:76,0
DA:85,1
DA:91,1
DA:97,1
DA:106,1
DA:107,0
DA:108,0
DA:111,0
DA:112,0
DA:115,0
LF:32
LH:5
BRDA:21,0,0,0
BRDA:21,0,1,0
BRDA:57,1,0,0
BRDA:57,1,1,0
BRDA:60,2,0,0
BRDA:60,2,1,0
BRDA:69,3,0,0
BRDA:69,3,1,0
BRDA:70,4,0,0
BRDA:70,4,1,0
BRDA:70,5,0,0
BRDA:70,5,1,0
BRDA:111,6,0,0
BRDA:111,6,1,0
BRDA:111,7,0,0
BRDA:111,7,1,0
BRF:16
BRH:0
end_of_record
TN:
SF:/Users/philpill/Projects/tbgscratch/static/js/webpack:/~/base64-js/index.js
FN:20,placeHoldersCount
FN:34,byteLength
FN:39,toByteArray
FN:70,tripletToBase64
FN:74,encodeChunk
FN:84,fromByteArray
FNF:6
FNH:0
FNDA:0,placeHoldersCount
FNDA:0,byteLength
FNDA:0,toByteArray
FNDA:0,tripletToBase64
FNDA:0,encodeChunk
FNDA:0,fromByteArray
DA:3,1
DA:4,1
DA:5,1
DA:7,1
DA:8,1
DA:9,1
DA:11,1
DA:12,1
DA:13,64
DA:14,64
DA:17,1
DA:18,1
DA:21,0
DA:22,0
DA:23,0
DA:31,0
DA:36,0
DA:41,0
DA:42,0
DA:44,0
DA:47,0
DA:49,0
DA:51,0
DA:52,0
DA:53,0
DA:54,0
DA:55,0
DA:58,0
DA:59,0
DA:60,0
DA:61,0
DA:62,0
DA:63,0
DA:64,0
DA:67,0
DA:71,0
DA:76,0
DA:77,0
DA:78,0
DA:79,0
DA:81,0
DA:86,0
DA:87,0
DA:88,0
DA:89,0
DA:90,0
DA:93,0
DA:94,0
DA:98,0
DA:99,0
DA:100,0
DA:101,0
DA:102,0
DA:103,0
DA:104,0
DA:105,0
DA:106,0
DA:107,0
DA:108,0
DA:111,0
DA:113,0
LF:61
LH:12
BRDA:9,0,0,1
BRDA:9,0,1,0
BRDA:22,1,0,0
BRDA:22,1,1,0
BRDA:31,2,0,0
BRDA:31,2,1,0
BRDA:47,3,0,0
BRDA:47,3,1,0
BRDA:58,4,0,0
BRDA:58,4,1,0
BRDA:61,5,0,0
BRDA:61,5,1,0
BRDA:94,6,0,0
BRDA:94,6,1,0
BRDA:98,7,0,0
BRDA:98,7,1,0
BRDA:103,8,0,0
BRDA:103,8,1,0
BRF:18
BRH:1
end_of_record
TN:
SF:/Users/philpill/Projects/tbgscratch/static/js/webpack:/~/buffer/index.js
FN:52,typedArraySupport
FN:55,(anonymous_27)
FN:64,kMaxLength
FN:70,createBuffer
FN:99,Buffer
FN:119,(anonymous_31)
FN:124,from
FN:148,(anonymous_33)
FN:165,assertSize
FN:173,alloc
FN:193,(anonymous_36)
FN:197,allocUnsafe
FN:211,(anonymous_38)
FN:217,(anonymous_39)
FN:221,fromString
FN:245,fromArrayLike
FN:254,fromArrayBuffer
FN:284,fromObject
FN:314,checked
FN:324,SlowBuffer
FN:331,isBuffer
FN:335,compare
FN:358,isEncoding
FN:377,concat
FN:407,byteLength
FN:452,slowToString
FN:526,swap
FN:532,swap16
FN:543,swap32
FN:555,swap64
FN:569,toString
FN:576,equals
FN:582,inspect
FN:592,compare
FN:660,bidirectionalIndexOf
FN:717,arrayIndexOf
FN:736,read
FN:773,includes
FN:777,indexOf
FN:781,lastIndexOf
FN:785,hexWrite
FN:812,utf8Write
FN:816,asciiWrite
FN:820,latin1Write
FN:824,base64Write
FN:828,ucs2Write
FN:832,write
FN:904,toJSON
FN:911,base64Slice
FN:919,utf8Slice
FN:997,decodeCodePointsArray
FN:1015,asciiSlice
FN:1025,latin1Slice
FN:1035,hexSlice
FN:1048,utf16leSlice
FN:1057,slice
FN:1096,checkOffset
FN:1101,readUIntLE
FN:1116,readUIntBE
FN:1132,readUInt8
FN:1137,readUInt16LE
FN:1142,readUInt16BE
FN:1147,readUInt32LE
FN:1156,readUInt32BE
FN:1165,readIntLE
FN:1183,readIntBE
FN:1201,readInt8
FN:1207,readInt16LE
FN:1213,readInt16BE
FN:1219,readInt32LE
FN:1228,readInt32BE
FN:1237,readFloatLE
FN:1242,readFloatBE
FN:1247,readDoubleLE
FN:1252,readDoubleBE
FN:1257,checkInt
FN:1263,writeUIntLE
FN:1282,writeUIntBE
FN:1301,writeUInt8
FN:1310,objectWriteUInt16
FN:1318,writeUInt16LE
FN:1331,writeUInt16BE
FN:1344,objectWriteUInt32
FN:1351,writeUInt32LE
FN:1366,writeUInt32BE
FN:1381,writeIntLE
FN:1404,writeIntBE
FN:1427,writeInt8
FN:1437,writeInt16LE
FN:1450,writeInt16BE
FN:1463,writeInt32LE
FN:1478,writeInt32BE
FN:1494,checkIEEE754
FN:1499,writeFloat
FN:1507,writeFloatLE
FN:1511,writeFloatBE
FN:1515,writeDouble
FN:1523,writeDoubleLE
FN:1527,writeDoubleBE
FN:1532,copy
FN:1584,fill
FN:1648,base64clean
FN:1660,stringtrim
FN:1665,toHex
FN:1670,utf8ToBytes
FN:1750,asciiToBytes
FN:1759,utf16leToBytes
FN:1775,base64ToBytes
FN:1779,blitBuffer
FN:1787,isnan
FNF:110
FNH:3
FNDA:1,typedArraySupport
FNDA:1,(anonymous_27)
FNDA:1,kMaxLength
FNDA:0,createBuffer
FNDA:0,Buffer
FNDA:0,(anonymous_31)
FNDA:0,from
FNDA:0,(anonymous_33)
FNDA:0,assertSize
FNDA:0,alloc
FNDA:0,(anonymous_36)
FNDA:0,allocUnsafe
FNDA:0,(anonymous_38)
FNDA:0,(anonymous_39)
FNDA:0,fromString
FNDA:0,fromArrayLike
FNDA:0,fromArrayBuffer
FNDA:0,fromObject
FNDA:0,checked
FNDA:0,SlowBuffer
FNDA:0,isBuffer
FNDA:0,compare
FNDA:0,isEncoding
FNDA:0,concat
FNDA:0,byteLength
FNDA:0,slowToString
FNDA:0,swap
FNDA:0,swap16
FNDA:0,swap32
FNDA:0,swap64
FNDA:0,toString
FNDA:0,equals
FNDA:0,inspect
FNDA:0,compare
FNDA:0,bidirectionalIndexOf
FNDA:0,arrayIndexOf
FNDA:0,read
FNDA:0,includes
FNDA:0,indexOf
FNDA:0,lastIndexOf
FNDA:0,hexWrite
FNDA:0,utf8Write
FNDA:0,asciiWrite
FNDA:0,latin1Write
FNDA:0,base64Write
FNDA:0,ucs2Write
FNDA:0,write
FNDA:0,toJSON
FNDA:0,base64Slice
FNDA:0,utf8Slice
FNDA:0,decodeCodePointsArray
FNDA:0,asciiSlice
FNDA:0,latin1Slice
FNDA:0,hexSlice
FNDA:0,utf16leSlice
FNDA:0,slice
FNDA:0,checkOffset
FNDA:0,readUIntLE
FNDA:0,readUIntBE
FNDA:0,readUInt8
FNDA:0,readUInt16LE
FNDA:0,readUInt16BE
FNDA:0,readUInt32LE
FNDA:0,readUInt32BE
FNDA:0,readIntLE
FNDA:0,readIntBE
FNDA:0,readInt8
FNDA:0,readInt16LE
FNDA:0,readInt16BE
FNDA:0,readInt32LE
FNDA:0,readInt32BE
FNDA:0,readFloatLE
FNDA:0,readFloatBE
FNDA:0,readDoubleLE
FNDA:0,readDoubleBE
FNDA:0,checkInt
FNDA:0,writeUIntLE
FNDA:0,writeUIntBE
FNDA:0,writeUInt8
FNDA:0,objectWriteUInt16
FNDA:0,writeUInt16LE
FNDA:0,writeUInt16BE
FNDA:0,objectWriteUInt32
FNDA:0,writeUInt32LE
FNDA:0,writeUInt32BE
FNDA:0,writeIntLE
FNDA:0,writeIntBE
FNDA:0,writeInt8
FNDA:0,writeInt16LE
FNDA:0,writeInt16BE
FNDA:0,writeInt32LE
FNDA:0,writeInt32BE
FNDA:0,checkIEEE754
FNDA:0,writeFloat
FNDA:0,writeFloatLE
FNDA:0,writeFloatBE
FNDA:0,writeDouble
FNDA:0,writeDoubleLE
FNDA:0,writeDoubleBE
FNDA:0,copy
FNDA:0,fill
FNDA:0,base64clean
FNDA:0,stringtrim
FNDA:0,toHex
FNDA:0,utf8ToBytes
FNDA:0,asciiToBytes
FNDA:0,utf16leToBytes
FNDA:0,base64ToBytes
FNDA:0,blitBuffer
FNDA:0,isnan
DA:11,1
DA:12,1
DA:13,1
DA:15,1
DA:16,1
DA:17,1
DA:43,1
DA:50,1
DA:53,1
DA:54,1
DA:55,1
DA:56,1
DA:60,0
DA:65,1
DA:71,0
DA:72,0
DA:74,0
DA:76,0
DA:77,0
DA:80,0
DA:81,0
DA:83,0
DA:86,0
DA:100,0
DA:101,0
DA:105,0
DA:106,0
DA:107,0
DA:111,0
DA:113,0
DA:116,1
DA:119,1
DA:120,0
DA:121,0
DA:125,0
DA:126,0
DA:129,0
DA:130,0
DA:133,0
DA:134,0
DA:137,0
DA:148,1
DA:149,0
DA:152,1
DA:153,1
DA:154,1
DA:155,1
DA:158,1
DA:166,0
DA:167,0
DA:168,0
DA:169,0
DA:174,0
DA:175,0
DA:176,0
DA:178,0
DA:182,0
DA:186,0
DA:193,1
DA:194,0
DA:198,0
DA:199,0
DA:200,0
DA:201,0
DA:202,0
DA:205,0
DA:211,1
DA:212,0
DA:217,1
DA:218,0
DA:222,0
DA:223,0
DA:226,0
DA:227,0
DA:230,0
DA:231,0
DA:233,0
DA:235,0
DA:239,0
DA:242,0
DA:246,0
DA:247,0
DA:248,0
DA:249,0
DA:251,0
DA:255,0
DA:257,0
DA:258,0
DA:261,0
DA:262,0
DA:265,0
DA:266,0
DA:267,0
DA:268,0
DA:270,0
DA:273,0
DA:275,0
DA:276,0
DA:279,0
DA:281,0
DA:285,0
DA:286,0
DA:287,0
DA:289,0
DA:290,0
DA:293,0
DA:294,0
DA:297,0
DA:298,0
DA:300,0
DA:301,0
DA:303,0
DA:306,0
DA:307,0
DA:311,0
DA:317,0
DA:318,0
DA:321,0
DA:325,0
DA:326,0
DA:328,0
DA:331,1
DA:332,0
DA:335,1
DA:336,0
DA:337,0
DA:340,0
DA:342,0
DA:343,0
DA:345,0
DA:346,0
DA:347,0
DA:348,0
DA:349,0
DA:353,0
DA:354,0
DA:355,0
DA:358,1
DA:359,0
DA:371,0
DA:373,0
DA:377,1
DA:378,0
DA:379,0
DA:382,0
DA:383,0
DA:387,0
DA:388,0
DA:389,0
DA:390,0
DA:394,0
DA:395,0
DA:396,0
DA:397,0
DA:398,0
DA:399,0
DA:401,0
DA:402,0
DA:404,0
DA:408,0
DA:409,0
DA:411,0
DA:413,0
DA:415,0
DA:416,0
DA:419,0
DA:420,0
DA:423,0
DA:424,0
DA:425,0
DA:429,0
DA:433,0
DA:438,0
DA:440,0
DA:442,0
DA:444,0
DA:445,0
DA:446,0
DA:450,1
DA:453,0
DA:462,0
DA:463,0
DA:467,0
DA:468,0
DA:471,0
DA:472,0
DA:475,0
DA:476,0
DA:480,0
DA:481,0
DA:483,0
DA:484,0
DA:487,0
DA:489,0
DA:490,0
DA:492,0
DA:496,0
DA:499,0
DA:503,0
DA:506,0
DA:512,0
DA:515,0
DA:516,0
DA:517,0
DA:524,1
DA:527,0
DA:528,0
DA:529,0
DA:532,1
DA:533,0
DA:534,0
DA:535,0
DA:537,0
DA:538,0
DA:540,0
DA:543,1
DA:544,0
DA:545,0
DA:546,0
DA:548,0
DA:549,0
DA:550,0
DA:552,0
DA:555,1
DA:556,0
DA:557,0
DA:558,0
DA:560,0
DA:561,0
DA:562,0
DA:563,0
DA:564,0
DA:566,0
DA:569,1
DA:570,0
DA:571,0
DA:572,0
DA:573,0
DA:576,1
DA:577,0
DA:578,0
DA:579,0
DA:582,1
DA:583,0
DA:584,0
DA:585,0
DA:586,0
DA:587,0
DA:589,0
DA:592,1
DA:593,0
DA:594,0
DA:597,0
DA:598,0
DA:600,0
DA:601,0
DA:603,0
DA:604,0
DA:606,0
DA:607,0
DA:610,0
DA:611,0
DA:614,0
DA:615,0
DA:617,0
DA:618,0
DA:620,0
DA:621,0
DA:624,0
DA:625,0
DA:626,0
DA:627,0
DA:629,0
DA:631,0
DA:632,0
DA:633,0
DA:635,0
DA:636,0
DA:638,0
DA:639,0
DA:640,0
DA:641,0
DA:642,0
DA:646,0
DA:647,0
DA:648,0
DA:662,0
DA:665,0
DA:666,0
DA:667,0
DA:668,0
DA:669,0
DA:670,0
DA:671,0
DA:673,0
DA:674,0
DA:676,0
DA:680,0
DA:681,0
DA:682,0
DA:683,0
DA:684,0
DA:685,0
DA:686,0
DA:690,0
DA:691,0
DA:695,0
DA:697,0
DA:698,0
DA:700,0
DA:701,0
DA:702,0
DA:703,0
DA:705,0
DA:706,0
DA:708,0
DA:711,0
DA:714,0
DA:718,0
DA:719,0
DA:720,0
DA:722,0
DA:723,0
DA:724,0
DA:726,0
DA:727,0
DA:729,0
DA:730,0
DA:731,0
DA:732,0
DA:737,0
DA:738,0
DA:740,0
DA:745,0
DA:746,0
DA:747,0
DA:748,0
DA:749,0
DA:750,0
DA:752,0
DA:753,0
DA:757,0
DA:758,0
DA:759,0
DA:760,0
DA:761,0
DA:762,0
DA:763,0
DA:766,0
DA:770,0
DA:773,1
DA:774,0
DA:777,1
DA:778,0
DA:781,1
DA:782,0
DA:786,0
DA:787,0
DA:788,0
DA:789,0
DA:791,0
DA:792,0
DA:793,0
DA:798,0
DA:799,0
DA:801,0
DA:802,0
DA:804,0
DA:805,0
DA:806,0
DA:807,0
DA:809,0
DA:813,0
DA:817,0
DA:821,0
DA:825,0
DA:829,0
DA:832,1
DA:834,0
DA:835,0
DA:836,0
DA:837,0
DA:839,0
DA:840,0
DA:841,0
DA:842,0
DA:844,0
DA:845,0
DA:846,0
DA:847,0
DA:848,0
DA:850,0
DA:851,0
DA:855,0
DA:860,0
DA:861,0
DA:863,0
DA:864,0
DA:867,0
DA:869,0
DA:870,0
DA:871,0
DA:873,0
DA:877,0
DA:880,0
DA:884,0
DA:888,0
DA:894,0
DA:897,0
DA:898,0
DA:899,0
DA:904,1
DA:905,0
DA:912,0
DA:913,0
DA:915,0
DA:920,0
DA:921,0
DA:923,0
DA:924,0
DA:925,0
DA:926,0
DA:927,0
DA:932,0
DA:935,0
DA:937,0
DA:938,0
DA:940,0
DA:942,0
DA:943,0
DA:944,0
DA:945,0
DA:946,0
DA:949,0
DA:951,0
DA:952,0
DA:953,0
DA:954,0
DA:955,0
DA:956,0
DA:959,0
DA:961,0
DA:962,0
DA:963,0
DA:964,0
DA:965,0
DA:966,0
DA:967,0
DA:973,0
DA:976,0
DA:977,0
DA:978,0
DA:980,0
DA:981,0
DA:982,0
DA:985,0
DA:986,0
DA:989,0
DA:995,1
DA:998,0
DA:999,0
DA:1000,0
DA:1004,0
DA:1005,0
DA:1006,0
DA:1007,0
DA:1012,0
DA:1016,0
DA:1017,0
DA:1019,0
DA:1020,0
DA:1022,0
DA:1026,0
DA:1027,0
DA:1029,0
DA:1030,0
DA:1032,0
DA:1036,0
DA:1038,0
DA:1039,0
DA:1041,0
DA:1042,0
DA:1043,0
DA:1045,0
DA:1049,0
DA:1050,0
DA:1051,0
DA:1052,0
DA:1054,0
DA:1057,1
DA:1058,0
DA:1059,0
DA:1060,0
DA:1062,0
DA:1063,0
DA:1064,0
DA:1065,0
DA:1066,0
DA:1069,0
DA:1070,0
DA:1071,0
DA:1072,0
DA:1073,0
DA:1076,0
DA:1079,0
DA:1080,0
DA:1081,0
DA:1083,0
DA:1084,0
DA:1085,0
DA:1086,0
DA:1090,0
DA:1097,0
DA:1098,0
DA:1101,1
DA:1102,0
DA:1103,0
DA:1104,0
DA:1106,0
DA:1107,0
DA:1108,0
DA:1109,0
DA:1110,0
DA:1113,0
DA:1116,1
DA:1117,0
DA:1118,0
DA:1119,0
DA:1120,0
DA:1123,0
DA:1124,0
DA:1125,0
DA:1126,0
DA:1129,0
DA:1132,1
DA:1133,0
DA:1134,0
DA:1137,1
DA:1138,0
DA:1139,0
DA:1142,1
DA:1143,0
DA:1144,0
DA:1147,1
DA:1148,0
DA:1150,0
DA:1156,1
DA:1157,0
DA:1159,0
DA:1165,1
DA:1166,0
DA:1167,0
DA:1168,0
DA:1170,0
DA:1171,0
DA:1172,0
DA:1173,0
DA:1174,0
DA:1176,0
DA:1178,0
DA:1180,0
DA:1183,1
DA:1184,0
DA:1185,0
DA:1186,0
DA:1188,0
DA:1189,0
DA:1190,0
DA:1191,0
DA:1192,0
DA:1194,0
DA:1196,0
DA:1198,0
DA:1201,1
DA:1202,0
DA:1203,0
DA:1204,0
DA:1207,1
DA:1208,0
DA:1209,0
DA:1210,0
DA:1213,1
DA:1214,0
DA:1215,0
DA:1216,0
DA:1219,1
DA:1220,0
DA:1222,0
DA:1228,1
DA:1229,0
DA:1231,0
DA:1237,1
DA:1238,0
DA:1239,0
DA:1242,1
DA:1243,0
DA:1244,0
DA:1247,1
DA:1248,0
DA:1249,0
DA:1252,1
DA:1253,0
DA:1254,0
DA:1258,0
DA:1259,0
DA:1260,0
DA:1263,1
DA:1264,0
DA:1265,0
DA:1266,0
DA:1267,0
DA:1268,0
DA:1269,0
DA:1272,0
DA:1273,0
DA:1274,0
DA:1275,0
DA:1276,0
DA:1279,0
DA:1282,1
DA:1283,0
DA:1284,0
DA:1285,0
DA:1286,0
DA:1287,0
DA:1288,0
DA:1291,0
DA:1292,0
DA:1293,0
DA:1294,0
DA:1295,0
DA:1298,0
DA:1301,1
DA:1302,0
DA:1303,0
DA:1304,0
DA:1305,0
DA:1306,0
DA:1307,0
DA:1311,0
DA:1312,0
DA:1313,0
DA:1318,1
DA:1319,0
DA:1320,0
DA:1321,0
DA:1322,0
DA:1323,0
DA:1324,0
DA:1326,0
DA:1328,0
DA:1331,1
DA:1332,0
DA:1333,0
DA:1334,0
DA:1335,0
DA:1336,0
DA:1337,0
DA:1339,0
DA:1341,0
DA:1345,0
DA:1346,0
DA:1347,0
DA:1351,1
DA:1352,0
DA:1353,0
DA:1354,0
DA:1355,0
DA:1356,0
DA:1357,0
DA:1358,0
DA:1359,0
DA:1361,0
DA:1363,0
DA:1366,1
DA:1367,0
DA:1368,0
DA:1369,0
DA:1370,0
DA:1371,0
DA:1372,0
DA:1373,0
DA:1374,0
DA:1376,0
DA:1378,0
DA:1381,1
DA:1382,0
DA:1383,0
DA:1384,0
DA:1385,0
DA:1387,0
DA:1390,0
DA:1391,0
DA:1392,0
DA:1393,0
DA:1394,0
DA:1395,0
DA:1396,0
DA:1398,0
DA:1401,0
DA:1404,1
DA:1405,0
DA:1406,0
DA:1407,0
DA:1408,0
DA:1410,0
DA:1413,0
DA:1414,0
DA:1415,0
DA:1416,0
DA:1417,0
DA:1418,0
DA:1419,0
DA:1421,0
DA:1424,0
DA:1427,1
DA:1428,0
DA:1429,0
DA:1430,0
DA:1431,0
DA:1432,0
DA:1433,0
DA:1434,0
DA:1437,1
DA:1438,0
DA:1439,0
DA:1440,0
DA:1441,0
DA:1442,0
DA:1443,0
DA:1445,0
DA:1447,0
DA:1450,1
DA:1451,0
DA:1452,0
DA:1453,0
DA:1454,0
DA:1455,0
DA:1456,0
DA:1458,0
DA:1460,0
DA:1463,1
DA:1464,0
DA:1465,0
DA:1466,0
DA:1467,0
DA:1468,0
DA:1469,0
DA:1470,0
DA:1471,0
DA:1473,0
DA:1475,0
DA:1478,1
DA:1479,0
DA:1480,0
DA:1481,0
DA:1482,0
DA:1483,0
DA:1484,0
DA:1485,0
DA:1486,0
DA:1487,0
DA:1489,0
DA:1491,0
DA:1495,0
DA:1496,0
DA:1500,0
DA:1501,0
DA:1503,0
DA:1504,0
DA:1507,1
DA:1508,0
DA:1511,1
DA:1512,0
DA:1516,0
DA:1517,0
DA:1519,0
DA:1520,0
DA:1523,1
DA:1524,0
DA:1527,1
DA:1528,0
DA:1532,1
DA:1533,0
DA:1534,0
DA:1535,0
DA:1536,0
DA:1537,0
DA:1540,0
DA:1541,0
DA:1544,0
DA:1545,0
DA:1547,0
DA:1548,0
DA:1551,0
DA:1552,0
DA:1553,0
DA:1556,0
DA:1559,0
DA:1561,0
DA:1562,0
DA:1564,0
DA:1566,0
DA:1567,0
DA:1570,0
DA:1577,0
DA:1584,1
DA:1586,0
DA:1587,0
DA:1588,0
DA:1589,0
DA:1590,0
DA:1591,0
DA:1592,0
DA:1593,0
DA:1595,0
DA:1596,0
DA:1597,0
DA:1598,0
DA:1601,0
DA:1602,0
DA:1604,0
DA:1605,0
DA:1607,0
DA:1608,0
DA:1612,0
DA:1613,0
DA:1616,0
DA:1617,0
DA:1620,0
DA:1621,0
DA:1623,0
DA:1626,0
DA:1627,0
DA:1628,0
DA:1631,0
DA:1634,0
DA:1635,0
DA:1636,0
DA:1640,0
DA:1646,1
DA:1650,0
DA:1652,0
DA:1654,0
DA:1655,0
DA:1657,0
DA:1661,0
DA:1662,0
DA:1666,0
DA:1667,0
DA:1671,0
DA:1673,0
DA:1674,0
DA:1675,0
DA:1677,0
DA:1678,0
DA:1681,0
DA:1683,0
DA:1685,0
DA:1687,0
DA:1688,0
DA:1689,0
DA:1691,0
DA:1692,0
DA:1696,0
DA:1698,0
DA:1702,0
DA:1703,0
DA:1704,0
DA:1705,0
DA:1709,0
DA:1710,0
DA:1712,0
DA:1715,0
DA:1718,0
DA:1719,0
DA:1720,0
DA:1721,0
DA:1722,0
DA:1723,0
DA:1727,0
DA:1728,0
DA:1729,0
DA:1734,0
DA:1735,0
DA:1736,0
DA:1743,0
DA:1747,0
DA:1751,0
DA:1752,0
DA:1754,0
DA:1756,0
DA:1761,0
DA:1762,0
DA:1763,0
DA:1765,0
DA:1766,0
DA:1767,0
DA:1768,0
DA:1769,0
DA:1772,0
DA:1776,0
DA:1780,0
DA:1781,0
DA:1782,0
DA:1784,0
DA:1788,0
LF:907
LH:83
BRDA:44,0,0,0
BRDA:44,0,1,1
BRDA:56,1,0,1
BRDA:56,1,1,1
BRDA:56,1,2,1
BRDA:66,2,0,1
BRDA:66,2,1,0
BRDA:71,3,0,0
BRDA:71,3,1,0
BRDA:74,4,0,0
BRDA:74,4,1,0
BRDA:80,5,0,0
BRDA:80,5,1,0
BRDA:100,6,0,0
BRDA:100,6,1,0
BRDA:100,7,0,0
BRDA:100,7,1,0
BRDA:105,8,0,0
BRDA:105,8,1,0
BRDA:106,9,0,0
BRDA:106,9,1,0
BRDA:125,10,0,0
BRDA:125,10,1,0
BRDA:129,11,0,0
BRDA:129,11,1,0
BRDA:129,12,0,0
BRDA:129,12,1,0
BRDA:133,13,0,0
BRDA:133,13,1,0
BRDA:152,14,0,1
BRDA:152,14,1,0
BRDA:155,15,0,1
BRDA:155,15,1,0
BRDA:155,16,0,1
BRDA:155,16,1,1
BRDA:155,16,2,1
BRDA:166,17,0,0
BRDA:166,17,1,0
BRDA:168,18,0,0
BRDA:168,18,1,0
BRDA:175,19,0,0
BRDA:175,19,1,0
BRDA:178,20,0,0
BRDA:178,20,1,0
BRDA:183,21,0,0
BRDA:183,21,1,0
BRDA:199,22,0,0
BRDA:199,22,1,0
BRDA:200,23,0,0
BRDA:200,23,1,0
BRDA:222,24,0,0
BRDA:222,24,1,0
BRDA:222,25,0,0
BRDA:222,25,1,0
BRDA:226,26,0,0
BRDA:226,26,1,0
BRDA:235,27,0,0
BRDA:235,27,1,0
BRDA:246,28,0,0
BRDA:246,28,1,0
BRDA:257,29,0,0
BRDA:257,29,1,0
BRDA:257,30,0,0
BRDA:257,30,1,0
BRDA:261,31,0,0
BRDA:261,31,1,0
BRDA:261,32,0,0
BRDA:261,32,1,0
BRDA:265,33,0,0
BRDA:265,33,1,0
BRDA:265,34,0,0
BRDA:265,34,1,0
BRDA:267,35,0,0
BRDA:267,35,1,0
BRDA:273,36,0,0
BRDA:273,36,1,0
BRDA:285,37,0,0
BRDA:285,37,1,0
BRDA:289,38,0,0
BRDA:289,38,1,0
BRDA:297,39,0,0
BRDA:297,39,1,0
BRDA:298,40,0,0
BRDA:298,40,1,0
BRDA:298,41,0,0
BRDA:298,41,1,0
BRDA:298,41,2,0
BRDA:300,42,0,0
BRDA:300,42,1,0
BRDA:300,43,0,0
BRDA:300,43,1,0
BRDA:306,44,0,0
BRDA:306,44,1,0
BRDA:306,45,0,0
BRDA:306,45,1,0
BRDA:317,46,0,0
BRDA:317,46,1,0
BRDA:325,47,0,0
BRDA:325,47,1,0
BRDA:332,48,0,0
BRDA:332,48,1,0
BRDA:336,49,0,0
BRDA:336,49,1,0
BRDA:336,50,0,0
BRDA:336,50,1,0
BRDA:340,51,0,0
BRDA:340,51,1,0
BRDA:346,52,0,0
BRDA:346,52,1,0
BRDA:353,53,0,0
BRDA:353,53,1,0
BRDA:354,54,0,0
BRDA:354,54,1,0
BRDA:360,55,0,0
BRDA:360,55,1,0
BRDA:360,55,2,0
BRDA:360,55,3,0
BRDA:360,55,4,0
BRDA:360,55,5,0
BRDA:360,55,6,0
BRDA:360,55,7,0
BRDA:360,55,8,0
BRDA:360,55,9,0
BRDA:360,55,10,0
BRDA:360,55,11,0
BRDA:378,56,0,0
BRDA:378,56,1,0
BRDA:382,57,0,0
BRDA:382,57,1,0
BRDA:387,58,0,0
BRDA:387,58,1,0
BRDA:398,59,0,0
BRDA:398,59,1,0
BRDA:408,60,0,0
BRDA:408,60,1,0
BRDA:411,61,0,0
BRDA:411,61,1,0
BRDA:411,62,0,0
BRDA:411,62,1,0
BRDA:411,62,2,0
BRDA:411,62,3,0
BRDA:415,63,0,0
BRDA:415,63,1,0
BRDA:420,64,0,0
BRDA:420,64,1,0
BRDA:426,65,0,0
BRDA:426,65,1,0
BRDA:426,65,2,0
BRDA:426,65,3,0
BRDA:426,65,4,0
BRDA:426,65,5,0
BRDA:426,65,6,0
BRDA:426,65,7,0
BRDA:426,65,8,0
BRDA:426,65,9,0
BRDA:426,65,10,0
BRDA:426,65,11,0
BRDA:426,65,12,0
BRDA:444,66,0,0
BRDA:444,66,1,0
BRDA:462,67,0,0
BRDA:462,67,1,0
BRDA:462,68,0,0
BRDA:462,68,1,0
BRDA:467,69,0,0
BRDA:467,69,1,0
BRDA:471,70,0,0
BRDA:471,70,1,0
BRDA:471,71,0,0
BRDA:471,71,1,0
BRDA:475,72,0,0
BRDA:475,72,1,0
BRDA:483,73,0,0
BRDA:483,73,1,0
BRDA:487,74,0,0
BRDA:487,74,1,0
BRDA:491,75,0,0
BRDA:491,75,1,0
BRDA:491,75,2,0
BRDA:491,75,3,0
BRDA:491,75,4,0
BRDA:491,75,5,0
BRDA:491,75,6,0
BRDA:491,75,7,0
BRDA:491,75,8,0
BRDA:491,75,9,0
BRDA:491,75,10,0
BRDA:491,75,11,0
BRDA:515,76,0,0
BRDA:515,76,1,0
BRDA:534,77,0,0
BRDA:534,77,1,0
BRDA:545,78,0,0
BRDA:545,78,1,0
BRDA:557,79,0,0
BRDA:557,79,1,0
BRDA:571,80,0,0
BRDA:571,80,1,0
BRDA:572,81,0,0
BRDA:572,81,1,0
BRDA:577,82,0,0
BRDA:577,82,1,0
BRDA:578,83,0,0
BRDA:578,83,1,0
BRDA:585,84,0,0
BRDA:585,84,1,0
BRDA:587,85,0,0
BRDA:587,85,1,0
BRDA:593,86,0,0
BRDA:593,86,1,0
BRDA:597,87,0,0
BRDA:597,87,1,0
BRDA:600,88,0,0
BRDA:600,88,1,0
BRDA:601,89,0,0
BRDA:601,89,1,0
BRDA:603,90,0,0
BRDA:603,90,1,0
BRDA:606,91,0,0
BRDA:606,91,1,0
BRDA:610,92,0,0
BRDA:610,92,1,0
BRDA:610,93,0,0
BRDA:610,93,1,0
BRDA:610,93,2,0
BRDA:610,93,3,0
BRDA:614,94,0,0
BRDA:614,94,1,0
BRDA:614,95,0,0
BRDA:614,95,1,0
BRDA:617,96,0,0
BRDA:617,96,1,0
BRDA:620,97,0,0
BRDA:620,97,1,0
BRDA:629,98,0,0
BRDA:629,98,1,0
BRDA:639,99,0,0
BRDA:639,99,1,0
BRDA:646,100,0,0
BRDA:646,100,1,0
BRDA:647,101,0,0
BRDA:647,101,1,0
BRDA:662,102,0,0
BRDA:662,102,1,0
BRDA:665,103,0,0
BRDA:665,103,1,0
BRDA:668,104,0,0
BRDA:668,104,1,0
BRDA:670,105,0,0
BRDA:670,105,1,0
BRDA:674,106,0,0
BRDA:674,106,1,0
BRDA:676,107,0,0
BRDA:676,107,1,0
BRDA:680,108,0,0
BRDA:680,108,1,0
BRDA:681,109,0,0
BRDA:681,109,1,0
BRDA:682,110,0,0
BRDA:682,110,1,0
BRDA:684,111,0,0
BRDA:684,111,1,0
BRDA:685,112,0,0
BRDA:685,112,1,0
BRDA:690,113,0,0
BRDA:690,113,1,0
BRDA:695,114,0,0
BRDA:695,114,1,0
BRDA:697,115,0,0
BRDA:697,115,1,0
BRDA:701,116,0,0
BRDA:701,116,1,0
BRDA:703,117,0,0
BRDA:703,117,1,0
BRDA:703,118,0,0
BRDA:703,118,1,0
BRDA:705,119,0,0
BRDA:705,119,1,0
BRDA:722,120,0,0
BRDA:722,120,1,0
BRDA:724,121,0,0
BRDA:724,121,1,0
BRDA:724,122,0,0
BRDA:724,122,1,0
BRDA:724,122,2,0
BRDA:724,122,3,0
BRDA:726,123,0,0
BRDA:726,123,1,0
BRDA:726,124,0,0
BRDA:726,124,1,0
BRDA:737,125,0,0
BRDA:737,125,1,0
BRDA:745,126,0,0
BRDA:745,126,1,0
BRDA:748,127,0,0
BRDA:748,127,1,0
BRDA:748,128,0,0
BRDA:748,128,1,0
BRDA:749,129,0,0
BRDA:749,129,1,0
BRDA:750,130,0,0
BRDA:750,130,1,0
BRDA:752,131,0,0
BRDA:752,131,1,0
BRDA:757,132,0,0
BRDA:757,132,1,0
BRDA:761,133,0,0
BRDA:761,133,1,0
BRDA:766,134,0,0
BRDA:766,134,1,0
BRDA:786,135,0,0
BRDA:786,135,1,0
BRDA:788,136,0,0
BRDA:788,136,1,0
BRDA:792,137,0,0
BRDA:792,137,1,0
BRDA:799,138,0,0
BRDA:799,138,1,0
BRDA:801,139,0,0
BRDA:801,139,1,0
BRDA:806,140,0,0
BRDA:806,140,1,0
BRDA:834,141,0,0
BRDA:834,141,1,0
BRDA:839,142,0,0
BRDA:839,142,1,0
BRDA:839,143,0,0
BRDA:839,143,1,0
BRDA:844,144,0,0
BRDA:844,144,1,0
BRDA:846,145,0,0
BRDA:846,145,1,0
BRDA:848,146,0,0
BRDA:848,146,1,0
BRDA:861,147,0,0
BRDA:861,147,1,0
BRDA:863,148,0,0
BRDA:863,148,1,0
BRDA:863,149,0,0
BRDA:863,149,1,0
BRDA:863,149,2,0
BRDA:863,149,3,0
BRDA:867,150,0,0
BRDA:867,150,1,0
BRDA:872,151,0,0
BRDA:872,151,1,0
BRDA:872,151,2,0
BRDA:872,151,3,0
BRDA:872,151,4,0
BRDA:872,151,5,0
BRDA:872,151,6,0
BRDA:872,151,7,0
BRDA:872,151,8,0
BRDA:872,151,9,0
BRDA:872,151,10,0
BRDA:872,151,11,0
BRDA:897,152,0,0
BRDA:897,152,1,0
BRDA:907,153,0,0
BRDA:907,153,1,0
BRDA:912,154,0,0
BRDA:912,154,1,0
BRDA:912,155,0,0
BRDA:912,155,1,0
BRDA:927,156,0,0
BRDA:927,156,1,0
BRDA:928,157,0,0
BRDA:928,157,1,0
BRDA:929,158,0,0
BRDA:929,158,1,0
BRDA:932,159,0,0
BRDA:932,159,1,0
BRDA:936,160,0,0
BRDA:936,160,1,0
BRDA:936,160,2,0
BRDA:936,160,3,0
BRDA:937,161,0,0
BRDA:937,161,1,0
BRDA:943,162,0,0
BRDA:943,162,1,0
BRDA:945,163,0,0
BRDA:945,163,1,0
BRDA:953,164,0,0
BRDA:953,164,1,0
BRDA:953,165,0,0
BRDA:953,165,1,0
BRDA:955,166,0,0
BRDA:955,166,1,0
BRDA:955,167,0,0
BRDA:955,167,1,0
BRDA:955,167,2,0
BRDA:964,168,0,0
BRDA:964,168,1,0
BRDA:964,169,0,0
BRDA:964,169,1,0
BRDA:964,169,2,0
BRDA:966,170,0,0
BRDA:966,170,1,0
BRDA:966,171,0,0
BRDA:966,171,1,0
BRDA:973,172,0,0
BRDA:973,172,1,0
BRDA:978,173,0,0
BRDA:978,173,1,0
BRDA:999,174,0,0
BRDA:999,174,1,0
BRDA:1038,175,0,0
BRDA:1038,175,1,0
BRDA:1039,176,0,0
BRDA:1039,176,1,0
BRDA:1039,177,0,0
BRDA:1039,177,1,0
BRDA:1039,177,2,0
BRDA:1060,178,0,0
BRDA:1060,178,1,0
BRDA:1062,179,0,0
BRDA:1062,179,1,0
BRDA:1064,180,0,0
BRDA:1064,180,1,0
BRDA:1065,181,0,0
BRDA:1065,181,1,0
BRDA:1069,182,0,0
BRDA:1069,182,1,0
BRDA:1071,183,0,0
BRDA:1071,183,1,0
BRDA:1072,184,0,0
BRDA:1072,184,1,0
BRDA:1076,185,0,0
BRDA:1076,185,1,0
BRDA:1079,186,0,0
BRDA:1079,186,1,0
BRDA:1097,187,0,0
BRDA:1097,187,1,0
BRDA:1098,188,0,0
BRDA:1098,188,1,0
BRDA:1104,189,0,0
BRDA:1104,189,1,0
BRDA:1109,190,0,0
BRDA:1109,190,1,0
BRDA:1119,191,0,0
BRDA:1119,191,1,0
BRDA:1125,192,0,0
BRDA:1125,192,1,0
BRDA:1133,193,0,0
BRDA:1133,193,1,0
BRDA:1138,194,0,0
BRDA:1138,194,1,0
BRDA:1143,195,0,0
BRDA:1143,195,1,0
BRDA:1148,196,0,0
BRDA:1148,196,1,0
BRDA:1157,197,0,0
BRDA:1157,197,1,0
BRDA:1168,198,0,0
BRDA:1168,198,1,0
BRDA:1173,199,0,0
BRDA:1173,199,1,0
BRDA:1178,200,0,0
BRDA:1178,200,1,0
BRDA:1186,201,0,0
BRDA:1186,201,1,0
BRDA:1191,202,0,0
BRDA:1191,202,1,0
BRDA:1196,203,0,0
BRDA:1196,203,1,0
BRDA:1202,204,0,0
BRDA:1202,204,1,0
BRDA:1203,205,0,0
BRDA:1203,205,1,0
BRDA:1208,206,0,0
BRDA:1208,206,1,0
BRDA:1210,207,0,0
BRDA:1210,207,1,0
BRDA:1214,208,0,0
BRDA:1214,208,1,0
BRDA:1216,209,0,0
BRDA:1216,209,1,0
BRDA:1220,210,0,0
BRDA:1220,210,1,0
BRDA:1229,211,0,0
BRDA:1229,211,1,0
BRDA:1238,212,0,0
BRDA:1238,212,1,0
BRDA:1243,213,0,0
BRDA:1243,213,1,0
BRDA:1248,214,0,0
BRDA:1248,214,1,0
BRDA:1253,215,0,0
BRDA:1253,215,1,0
BRDA:1258,216,0,0
BRDA:1258,216,1,0
BRDA:1259,217,0,0
BRDA:1259,217,1,0
BRDA:1260,218,0,0
BRDA:1260,218,1,0
BRDA:1267,219,0,0
BRDA:1267,219,1,0
BRDA:1275,220,0,0
BRDA:1275,220,1,0
BRDA:1286,221,0,0
BRDA:1286,221,1,0
BRDA:1294,222,0,0
BRDA:1294,222,1,0
BRDA:1304,223,0,0
BRDA:1304,223,1,0
BRDA:1305,224,0,0
BRDA:1305,224,1,0
BRDA:1311,225,0,0
BRDA:1311,225,1,0
BRDA:1313,226,0,0
BRDA:1313,226,1,0
BRDA:1314,227,0,0
BRDA:1314,227,1,0
BRDA:1321,228,0,0
BRDA:1321,228,1,0
BRDA:1322,229,0,0
BRDA:1322,229,1,0
BRDA:1334,230,0,0
BRDA:1334,230,1,0
BRDA:1335,231,0,0
BRDA:1335,231,1,0
BRDA:1345,232,0,0
BRDA:1345,232,1,0
BRDA:1347,233,0,0
BRDA:1347,233,1,0
BRDA:1354,234,0,0
BRDA:1354,234,1,0
BRDA:1355,235,0,0
BRDA:1355,235,1,0
BRDA:1369,236,0,0
BRDA:1369,236,1,0
BRDA:1370,237,0,0
BRDA:1370,237,1,0
BRDA:1384,238,0,0
BRDA:1384,238,1,0
BRDA:1394,239,0,0
BRDA:1394,239,1,0
BRDA:1395,240,0,0
BRDA:1395,240,1,0
BRDA:1395,241,0,0
BRDA:1395,241,1,0
BRDA:1395,241,2,0
BRDA:1407,242,0,0
BRDA:1407,242,1,0
BRDA:1417,243,0,0
BRDA:1417,243,1,0
BRDA:1418,244,0,0
BRDA:1418,244,1,0
BRDA:1418,245,0,0
BRDA:1418,245,1,0
BRDA:1418,245,2,0
BRDA:1430,246,0,0
BRDA:1430,246,1,0
BRDA:1431,247,0,0
BRDA:1431,247,1,0
BRDA:1432,248,0,0
BRDA:1432,248,1,0
BRDA:1440,249,0,0
BRDA:1440,249,1,0
BRDA:1441,250,0,0
BRDA:1441,250,1,0
BRDA:1453,251,0,0
BRDA:1453,251,1,0
BRDA:1454,252,0,0
BRDA:1454,252,1,0
BRDA:1466,253,0,0
BRDA:1466,253,1,0
BRDA:1467,254,0,0
BRDA:1467,254,1,0
BRDA:1481,255,0,0
BRDA:1481,255,1,0
BRDA:1482,256,0,0
BRDA:1482,256,1,0
BRDA:1483,257,0,0
BRDA:1483,257,1,0
BRDA:1495,258,0,0
BRDA:1495,258,1,0
BRDA:1496,259,0,0
BRDA:1496,259,1,0
BRDA:1500,260,0,0
BRDA:1500,260,1,0
BRDA:1516,261,0,0
BRDA:1516,261,1,0
BRDA:1533,262,0,0
BRDA:1533,262,1,0
BRDA:1534,263,0,0
BRDA:1534,263,1,0
BRDA:1535,264,0,0
BRDA:1535,264,1,0
BRDA:1536,265,0,0
BRDA:1536,265,1,0
BRDA:1537,266,0,0
BRDA:1537,266,1,0
BRDA:1540,267,0,0
BRDA:1540,267,1,0
BRDA:1541,268,0,0
BRDA:1541,268,1,0
BRDA:1544,269,0,0
BRDA:1544,269,1,0
BRDA:1547,270,0,0
BRDA:1547,270,1,0
BRDA:1548,271,0,0
BRDA:1548,271,1,0
BRDA:1551,272,0,0
BRDA:1551,272,1,0
BRDA:1552,273,0,0
BRDA:1552,273,1,0
BRDA:1559,274,0,0
BRDA:1559,274,1,0
BRDA:1559,275,0,0
BRDA:1559,275,1,0
BRDA:1559,275,2,0
BRDA:1564,276,0,0
BRDA:1564,276,1,0
BRDA:1564,277,0,0
BRDA:1564,277,1,0
BRDA:1586,278,0,0
BRDA:1586,278,1,0
BRDA:1587,279,0,0
BRDA:1587,279,1,0
BRDA:1591,280,0,0
BRDA:1591,280,1,0
BRDA:1595,281,0,0
BRDA:1595,281,1,0
BRDA:1597,282,0,0
BRDA:1597,282,1,0
BRDA:1601,283,0,0
BRDA:1601,283,1,0
BRDA:1601,284,0,0
BRDA:1601,284,1,0
BRDA:1604,285,0,0
BRDA:1604,285,1,0
BRDA:1604,286,0,0
BRDA:1604,286,1,0
BRDA:1607,287,0,0
BRDA:1607,287,1,0
BRDA:1612,288,0,0
BRDA:1612,288,1,0
BRDA:1612,289,0,0
BRDA:1612,289,1,0
BRDA:1612,289,2,0
BRDA:1616,290,0,0
BRDA:1616,290,1,0
BRDA:1621,291,0,0
BRDA:1621,291,1,0
BRDA:1623,292,0,0
BRDA:1623,292,1,0
BRDA:1626,293,0,0
BRDA:1626,293,1,0
BRDA:1632,294,0,0
BRDA:1632,294,1,0
BRDA:1652,295,0,0
BRDA:1652,295,1,0
BRDA:1661,296,0,0
BRDA:1661,296,1,0
BRDA:1666,297,0,0
BRDA:1666,297,1,0
BRDA:1671,298,0,0
BRDA:1671,298,1,0
BRDA:1681,299,0,0
BRDA:1681,299,1,0
BRDA:1681,300,0,0
BRDA:1681,300,1,0
BRDA:1683,301,0,0
BRDA:1683,301,1,0
BRDA:1685,302,0,0
BRDA:1685,302,1,0
BRDA:1687,303,0,0
BRDA:1687,303,1,0
BRDA:1689,304,0,0
BRDA:1689,304,1,0
BRDA:1691,305,0,0
BRDA:1691,305,1,0
BRDA:1702,306,0,0
BRDA:1702,306,1,0
BRDA:1703,307,0,0
BRDA:1703,307,1,0
BRDA:1710,308,0,0
BRDA:1710,308,1,0
BRDA:1712,309,0,0
BRDA:1712,309,1,0
BRDA:1718,310,0,0
BRDA:1718,310,1,0
BRDA:1719,311,0,0
BRDA:1719,311,1,0
BRDA:1721,312,0,0
BRDA:1721,312,1,0
BRDA:1722,313,0,0
BRDA:1722,313,1,0
BRDA:1727,314,0,0
BRDA:1727,314,1,0
BRDA:1728,315,0,0
BRDA:1728,315,1,0
BRDA:1734,316,0,0
BRDA:1734,316,1,0
BRDA:1735,317,0,0
BRDA:1735,317,1,0
BRDA:1763,318,0,0
BRDA:1763,318,1,0
BRDA:1781,319,0,0
BRDA:1781,319,1,0
BRF:701
BRH:10
end_of_record
TN:
SF:/Users/philpill/Projects/tbgscratch/static/js/webpack:/~/chai/index.js
FNF:0
FNH:0
DA:1,1
LF:1
LH:1
BRF:0
BRH:0
end_of_record
TN:
SF:/Users/philpill/Projects/tbgscratch/static/js/webpack:/~/chai/lib/chai.js
FN:38,(anonymous_138)
FNF:1
FNH:1
FNDA:5,(anonymous_138)
DA:7,1
DA:8,1
DA:14,1
DA:20,1
DA:26,1
DA:38,1
DA:39,5
DA:40,5
DA:41,5
DA:44,5
DA:51,1
DA:57,1
DA:58,1
DA:64,1
DA:65,1
DA:71,1
DA:72,1
DA:78,1
DA:79,1
DA:85,1
DA:86,1
DA:92,1
DA:93,1
LF:23
LH:23
BRDA:39,0,0,5
BRDA:39,0,1,0
BRF:2
BRH:1
end_of_record
TN:
SF:/Users/philpill/Projects/tbgscratch/static/js/webpack:/~/chai/lib/chai/assertion.js
FN:10,(anonymous_140)
FN:32,Assertion
FN:39,(anonymous_142)
FN:43,(anonymous_143)
FN:50,(anonymous_144)
FN:54,(anonymous_145)
FN:60,(anonymous_146)
FN:64,(anonymous_147)
FN:68,(anonymous_148)
FN:72,(anonymous_149)
FN:76,(anonymous_150)
FN:80,(anonymous_151)
FN:99,(anonymous_152)
FN:124,(anonymous_153)
FN:127,(anonymous_154)
FNF:15
FNH:6
FNDA:1,(anonymous_140)
FNDA:3,Assertion
FNDA:0,(anonymous_142)
FNDA:0,(anonymous_143)
FNDA:0,(anonymous_144)
FNDA:0,(anonymous_145)
FNDA:31,(anonymous_146)
FNDA:40,(anonymous_147)
FNDA:13,(anonymous_148)
FNDA:0,(anonymous_149)
FNDA:0,(anonymous_150)
FNDA:0,(anonymous_151)
FNDA:3,(anonymous_152)
FNDA:0,(anonymous_153)
FNDA:0,(anonymous_154)
DA:8,1
DA:10,1
DA:15,1
DA:16,1
DA:22,1
DA:33,3
DA:34,3
DA:35,3
DA:38,1
DA:40,0
DA:41,0
DA:44,0
DA:45,0
DA:49,1
DA:51,0
DA:52,0
DA:55,0
DA:56,0
DA:60,1
DA:61,31
DA:64,1
DA:65,40
DA:68,1
DA:69,13
DA:72,1
DA:73,0
DA:76,1
DA:77,0
DA:80,1
DA:81,0
DA:99,1
DA:100,3
DA:101,6
DA:102,3
DA:104,3
DA:105,0
DA:106,0
DA:107,0
DA:123,1
DA:125,0
DA:128,0
LF:41
LH:25
BRDA:33,0,0,3
BRDA:33,0,1,3
BRDA:101,1,0,3
BRDA:101,1,1,0
BRDA:102,2,0,0
BRDA:102,2,1,3
BRDA:104,3,0,0
BRDA:104,3,1,3
BRDA:111,4,0,0
BRDA:111,4,1,0
BRF:10
BRH:5
end_of_record
TN:
SF:/Users/philpill/Projects/tbgscratch/static/js/webpack:/~/chai/lib/chai/config.js
FNF:0
FNH:0
DA:1,1
LF:1
LH:1
BRF:0
BRH:0
end_of_record
TN:
SF:/Users/philpill/Projects/tbgscratch/static/js/webpack:/~/chai/lib/chai/core/assertions.js
FN:8,(anonymous_156)
FN:45,(anonymous_157)
FN:46,(anonymous_158)
FN:66,(anonymous_159)
FN:91,(anonymous_160)
FN:108,(anonymous_161)
FN:127,(anonymous_162)
FN:163,an
FN:201,includeChainingBehavior
FN:205,include
FN:257,(anonymous_166)
FN:277,(anonymous_167)
FN:299,(anonymous_168)
FN:321,(anonymous_169)
FN:342,(anonymous_170)
FN:362,(anonymous_171)
FN:388,(anonymous_172)
FN:413,(anonymous_173)
FN:445,checkArguments
FN:481,assertEqual
FN:518,assertEql
FN:557,assertAbove
FN:606,assertLeast
FN:655,assertBelow
FN:704,assertMost
FN:752,(anonymous_181)
FN:792,assertInstanceOf
FN:877,(anonymous_183)
FN:933,assertOwnProperty
FN:966,assertOwnPropertyDescriptor
FN:1035,assertLengthChain
FN:1039,assertLength
FN:1071,assertMatch
FN:1098,(anonymous_189)
FN:1150,assertKeys
FN:1182,(anonymous_191)
FN:1190,(anonymous_192)
FN:1200,(anonymous_193)
FN:1270,assertThrows
FN:1414,respondTo
FN:1449,(anonymous_196)
FN:1468,satisfy
FN:1500,closeTo
FN:1519,isSubsetOf
FN:1520,(anonymous_200)
FN:1523,(anonymous_201)
FN:1552,(anonymous_202)
FN:1602,oneOf
FN:1640,assertChanges
FN:1678,assertIncreases
FN:1716,assertDecreases
FN:1755,(anonymous_207)
FN:1797,(anonymous_208)
FN:1837,(anonymous_209)
FNF:54
FNH:4
FNDA:1,(anonymous_156)
FNDA:13,(anonymous_157)
FNDA:3,(anonymous_158)
FNDA:0,(anonymous_159)
FNDA:0,(anonymous_160)
FNDA:0,(anonymous_161)
FNDA:0,(anonymous_162)
FNDA:0,an
FNDA:0,includeChainingBehavior
FNDA:0,include
FNDA:0,(anonymous_166)
FNDA:3,(anonymous_167)
FNDA:0,(anonymous_168)
FNDA:0,(anonymous_169)
FNDA:0,(anonymous_170)
FNDA:0,(anonymous_171)
FNDA:0,(anonymous_172)
FNDA:0,(anonymous_173)
FNDA:0,checkArguments
FNDA:0,assertEqual
FNDA:0,assertEql
FNDA:0,assertAbove
FNDA:0,assertLeast
FNDA:0,assertBelow
FNDA:0,assertMost
FNDA:0,(anonymous_181)
FNDA:0,assertInstanceOf
FNDA:0,(anonymous_183)
FNDA:0,assertOwnProperty
FNDA:0,assertOwnPropertyDescriptor
FNDA:0,assertLengthChain
FNDA:0,assertLength
FNDA:0,assertMatch
FNDA:0,(anonymous_189)
FNDA:0,assertKeys
FNDA:0,(anonymous_191)
FNDA:0,(anonymous_192)
FNDA:0,(anonymous_193)
FNDA:0,assertThrows
FNDA:0,respondTo
FNDA:0,(anonymous_196)
FNDA:0,satisfy
FNDA:0,closeTo
FNDA:0,isSubsetOf
FNDA:0,(anonymous_200)
FNDA:0,(anonymous_201)
FNDA:0,(anonymous_202)
FNDA:0,oneOf
FNDA:0,assertChanges
FNDA:0,assertIncreases
FNDA:0,assertDecreases
FNDA:0,(anonymous_207)
FNDA:0,(anonymous_208)
FNDA:0,(anonymous_209)
DA:8,1
DA:9,1
DA:10,1
DA:11,1
DA:42,1
DA:46,13
DA:47,3
DA:66,1
DA:67,0
DA:91,1
DA:92,0
DA:108,1
DA:109,0
DA:110,0
DA:127,1
DA:128,0
DA:129,0
DA:164,0
DA:165,0
DA:166,0
DA:167,0
DA:169,0
DA:176,1
DA:177,1
DA:202,0
DA:206,0
DA:208,0
DA:209,0
DA:210,0
DA:212,0
DA:213,0
DA:214,0
DA:215,0
DA:216,0
DA:219,0
DA:220,0
DA:221,0
DA:222,0
DA:224,0
DA:225,0
DA:226,0
DA:228,0
DA:230,0
DA:236,1
DA:237,1
DA:238,1
DA:239,1
DA:257,1
DA:258,0
DA:277,1
DA:278,3
DA:299,1
DA:300,0
DA:321,1
DA:322,0
DA:342,1
DA:343,0
DA:362,1
DA:363,0
DA:388,1
DA:389,0
DA:413,1
DA:414,0
DA:415,0
DA:417,0
DA:418,0
DA:419,0
DA:420,0
DA:423,0
DA:446,0
DA:447,0
DA:448,0
DA:455,1
DA:456,1
DA:482,0
DA:483,0
DA:484,0
DA:485,0
DA:487,0
DA:498,1
DA:499,1
DA:500,1
DA:519,0
DA:520,0
DA:530,1
DA:531,1
DA:558,0
DA:559,0
DA:560,0
DA:561,0
DA:562,0
DA:563,0
DA:571,0
DA:579,1
DA:580,1
DA:581,1
DA:607,0
DA:608,0
DA:609,0
DA:610,0
DA:611,0
DA:612,0
DA:620,0
DA:628,1
DA:629,1
DA:656,0
DA:657,0
DA:658,0
DA:659,0
DA:660,0
DA:661,0
DA:669,0
DA:677,1
DA:678,1
DA:679,1
DA:705,0
DA:706,0
DA:707,0
DA:708,0
DA:709,0
DA:710,0
DA:718,0
DA:726,1
DA:727,1
DA:752,1
DA:753,0
DA:754,0
DA:755,0
DA:756,0
DA:757,0
DA:758,0
DA:759,0
DA:765,0
DA:793,0
DA:794,0
DA:795,0
DA:802,1
DA:803,1
DA:877,1
DA:878,0
DA:880,0
DA:881,0
DA:882,0
DA:883,0
DA:884,0
DA:885,0
DA:888,0
DA:892,0
DA:893,0
DA:894,0
DA:895,0
DA:898,0
DA:904,0
DA:905,0
DA:914,0
DA:934,0
DA:935,0
DA:936,0
DA:943,1
DA:944,1
DA:967,0
DA:968,0
DA:969,0
DA:971,0
DA:972,0
DA:973,0
DA:974,0
DA:975,0
DA:984,0
DA:990,0
DA:993,1
DA:994,1
DA:1036,0
DA:1040,0
DA:1041,0
DA:1042,0
DA:1043,0
DA:1045,0
DA:1054,1
DA:1055,1
DA:1072,0
DA:1073,0
DA:1074,0
DA:1081,1
DA:1082,1
DA:1098,1
DA:1099,0
DA:1100,0
DA:1101,0
DA:1103,0
DA:1151,0
DA:1153,0
DA:1154,0
DA:1156,0
DA:1158,0
DA:1159,0
DA:1161,0
DA:1162,0
DA:1163,0
DA:1165,0
DA:1168,0
DA:1170,0
DA:1171,0
DA:1172,0
DA:1173,0
DA:1174,0
DA:1176,0
DA:1177,0
DA:1181,0
DA:1182,0
DA:1183,0
DA:1185,0
DA:1189,0
DA:1190,0
DA:1191,0
DA:1193,0
DA:1194,0
DA:1199,0
DA:1200,0
DA:1201,0
DA:1203,0
DA:1204,0
DA:1205,0
DA:1207,0
DA:1208,0
DA:1211,0
DA:1215,0
DA:1218,0
DA:1221,0
DA:1231,1
DA:1232,1
DA:1271,0
DA:1272,0
DA:1273,0
DA:1275,0
DA:1276,0
DA:1277,0
DA:1278,0
DA:1280,0
DA:1281,0
DA:1282,0
DA:1283,0
DA:1284,0
DA:1285,0
DA:1286,0
DA:1287,0
DA:1288,0
DA:1289,0
DA:1290,0
DA:1291,0
DA:1292,0
DA:1293,0
DA:1296,0
DA:1299,0
DA:1300,0
DA:1303,0
DA:1304,0
DA:1312,0
DA:1313,0
DA:1317,0
DA:1318,0
DA:1326,0
DA:1327,0
DA:1328,0
DA:1333,0
DA:1337,0
DA:1338,0
DA:1346,0
DA:1347,0
DA:1348,0
DA:1349,0
DA:1357,0
DA:1358,0
DA:1360,0
DA:1361,0
DA:1365,0
DA:1366,0
DA:1372,0
DA:1373,0
DA:1376,0
DA:1384,0
DA:1387,1
DA:1388,1
DA:1389,1
DA:1415,0
DA:1416,0
DA:1417,0
DA:1418,0
DA:1422,0
DA:1429,1
DA:1430,1
DA:1449,1
DA:1450,0
DA:1469,0
DA:1470,0
DA:1471,0
DA:1472,0
DA:1481,1
DA:1482,1
DA:1501,0
DA:1502,0
DA:1504,0
DA:1505,0
DA:1506,0
DA:1509,0
DA:1516,1
DA:1517,1
DA:1520,0
DA:1521,0
DA:1523,0
DA:1524,0
DA:1552,1
DA:1553,0
DA:1554,0
DA:1556,0
DA:1557,0
DA:1559,0
DA:1561,0
DA:1562,0
DA:1571,0
DA:1603,0
DA:1604,0
DA:1605,0
DA:1607,0
DA:1616,1
DA:1641,0
DA:1642,0
DA:1643,0
DA:1644,0
DA:1646,0
DA:1647,0
DA:1649,0
DA:1656,1
DA:1657,1
DA:1679,0
DA:1680,0
DA:1681,0
DA:1682,0
DA:1684,0
DA:1685,0
DA:1687,0
DA:1694,1
DA:1695,1
DA:1717,0
DA:1718,0
DA:1719,0
DA:1720,0
DA:1722,0
DA:1723,0
DA:1725,0
DA:1732,1
DA:1733,1
DA:1755,1
DA:1756,0
DA:1765,0
DA:1766,0
DA:1768,0
DA:1769,0
DA:1772,0
DA:1797,1
DA:1798,0
DA:1807,0
DA:1808,0
DA:1810,0
DA:1811,0
DA:1814,0
DA:1837,1
DA:1838,0
DA:1847,0
DA:1848,0
DA:1850,0
DA:1851,0
DA:1854,0
LF:373
LH:79
BRDA:164,0,0,0
BRDA:164,0,1,0
BRDA:167,1,0,0
BRDA:167,1,1,0
BRDA:208,2,0,0
BRDA:208,2,1,0
BRDA:212,3,0,0
BRDA:212,3,1,0
BRDA:212,4,0,0
BRDA:212,4,1,0
BRDA:214,5,0,0
BRDA:214,5,1,0
BRDA:219,6,0,0
BRDA:219,6,1,0
BRDA:220,7,0,0
BRDA:220,7,1,0
BRDA:228,8,0,0
BRDA:228,8,1,0
BRDA:282,9,0,0
BRDA:282,9,1,3
BRDA:304,10,0,0
BRDA:304,10,1,0
BRDA:417,11,0,0
BRDA:417,11,1,0
BRDA:417,12,0,0
BRDA:417,12,1,0
BRDA:419,13,0,0
BRDA:419,13,1,0
BRDA:482,14,0,0
BRDA:482,14,1,0
BRDA:484,15,0,0
BRDA:484,15,1,0
BRDA:519,16,0,0
BRDA:519,16,1,0
BRDA:558,17,0,0
BRDA:558,17,1,0
BRDA:560,18,0,0
BRDA:560,18,1,0
BRDA:607,19,0,0
BRDA:607,19,1,0
BRDA:609,20,0,0
BRDA:609,20,1,0
BRDA:656,21,0,0
BRDA:656,21,1,0
BRDA:658,22,0,0
BRDA:658,22,1,0
BRDA:705,23,0,0
BRDA:705,23,1,0
BRDA:707,24,0,0
BRDA:707,24,1,0
BRDA:753,25,0,0
BRDA:753,25,1,0
BRDA:756,26,0,0
BRDA:756,26,1,0
BRDA:760,27,0,0
BRDA:760,27,1,0
BRDA:766,28,0,0
BRDA:766,28,1,0
BRDA:793,29,0,0
BRDA:793,29,1,0
BRDA:878,30,0,0
BRDA:878,30,1,0
BRDA:881,31,0,0
BRDA:881,31,1,0
BRDA:884,32,0,0
BRDA:884,32,1,0
BRDA:886,33,0,0
BRDA:886,33,1,0
BRDA:889,34,0,0
BRDA:889,34,1,0
BRDA:892,35,0,0
BRDA:892,35,1,0
BRDA:892,36,0,0
BRDA:892,36,1,0
BRDA:893,37,0,0
BRDA:893,37,1,0
BRDA:894,38,0,0
BRDA:894,38,1,0
BRDA:904,39,0,0
BRDA:904,39,1,0
BRDA:934,40,0,0
BRDA:934,40,1,0
BRDA:967,41,0,0
BRDA:967,41,1,0
BRDA:971,42,0,0
BRDA:971,42,1,0
BRDA:974,43,0,0
BRDA:974,43,1,0
BRDA:974,44,0,0
BRDA:974,44,1,0
BRDA:1040,45,0,0
BRDA:1040,45,1,0
BRDA:1072,46,0,0
BRDA:1072,46,1,0
BRDA:1099,47,0,0
BRDA:1099,47,1,0
BRDA:1157,48,0,0
BRDA:1157,48,1,0
BRDA:1157,48,2,0
BRDA:1158,49,0,0
BRDA:1158,49,1,0
BRDA:1161,50,0,0
BRDA:1161,50,1,0
BRDA:1168,51,0,0
BRDA:1168,51,1,0
BRDA:1176,52,0,0
BRDA:1176,52,1,0
BRDA:1176,53,0,0
BRDA:1176,53,1,0
BRDA:1181,54,0,0
BRDA:1181,54,1,0
BRDA:1189,55,0,0
BRDA:1189,55,1,0
BRDA:1193,56,0,0
BRDA:1193,56,1,0
BRDA:1193,57,0,0
BRDA:1193,57,1,0
BRDA:1194,58,0,0
BRDA:1194,58,1,0
BRDA:1199,59,0,0
BRDA:1199,59,1,0
BRDA:1204,60,0,0
BRDA:1204,60,1,0
BRDA:1207,61,0,0
BRDA:1207,61,1,0
BRDA:1215,62,0,0
BRDA:1215,62,1,0
BRDA:1218,63,0,0
BRDA:1218,63,1,0
BRDA:1271,64,0,0
BRDA:1271,64,1,0
BRDA:1280,65,0,0
BRDA:1280,65,1,0
BRDA:1283,66,0,0
BRDA:1283,66,1,0
BRDA:1283,67,0,0
BRDA:1283,67,1,0
BRDA:1283,67,2,0
BRDA:1286,68,0,0
BRDA:1286,68,1,0
BRDA:1286,69,0,0
BRDA:1286,69,1,0
BRDA:1290,70,0,0
BRDA:1290,70,1,0
BRDA:1292,71,0,0
BRDA:1292,71,1,0
BRDA:1292,72,0,0
BRDA:1292,72,1,0
BRDA:1292,72,2,0
BRDA:1293,73,0,0
BRDA:1293,73,1,0
BRDA:1303,74,0,0
BRDA:1303,74,1,0
BRDA:1308,75,0,0
BRDA:1308,75,1,0
BRDA:1309,76,0,0
BRDA:1309,76,1,0
BRDA:1317,77,0,0
BRDA:1317,77,1,0
BRDA:1323,78,0,0
BRDA:1323,78,1,0
BRDA:1326,79,0,0
BRDA:1326,79,1,0
BRDA:1334,80,0,0
BRDA:1334,80,1,0
BRDA:1333,81,0,0
BRDA:1333,81,1,0
BRDA:1337,82,0,0
BRDA:1337,82,1,0
BRDA:1337,83,0,0
BRDA:1337,83,1,0
BRDA:1337,83,2,0
BRDA:1348,84,0,0
BRDA:1348,84,1,0
BRDA:1348,85,0,0
BRDA:1348,85,1,0
BRDA:1348,85,2,0
BRDA:1367,86,0,0
BRDA:1367,86,1,0
BRDA:1369,87,0,0
BRDA:1369,87,1,0
BRDA:1372,88,0,0
BRDA:1372,88,1,0
BRDA:1380,89,0,0
BRDA:1380,89,1,0
BRDA:1381,90,0,0
BRDA:1381,90,1,0
BRDA:1415,91,0,0
BRDA:1415,91,1,0
BRDA:1419,92,0,0
BRDA:1419,92,1,0
BRDA:1418,93,0,0
BRDA:1418,93,1,0
BRDA:1469,94,0,0
BRDA:1469,94,1,0
BRDA:1476,95,0,0
BRDA:1476,95,1,0
BRDA:1501,96,0,0
BRDA:1501,96,1,0
BRDA:1505,97,0,0
BRDA:1505,97,1,0
BRDA:1505,98,0,0
BRDA:1505,98,1,0
BRDA:1521,99,0,0
BRDA:1521,99,1,0
BRDA:1553,100,0,0
BRDA:1553,100,1,0
BRDA:1559,101,0,0
BRDA:1559,101,1,0
BRDA:1561,102,0,0
BRDA:1561,102,1,0
BRDA:1572,103,0,0
BRDA:1572,103,1,0
BRDA:1603,104,0,0
BRDA:1603,104,1,0
BRDA:1641,105,0,0
BRDA:1641,105,1,0
BRDA:1679,106,0,0
BRDA:1679,106,1,0
BRDA:1717,107,0,0
BRDA:1717,107,1,0
BRDA:1768,108,0,0
BRDA:1768,108,1,0
BRDA:1810,109,0,0
BRDA:1810,109,1,0
BRDA:1850,110,0,0
BRDA:1850,110,1,0
BRF:227
BRH:1
end_of_record
TN:
SF:/Users/philpill/Projects/tbgscratch/static/js/webpack:/~/chai/lib/chai/interface/assert.js
FN:8,(anonymous_211)
FN:36,(anonymous_212)
FN:59,(anonymous_213)
FN:84,(anonymous_214)
FN:104,(anonymous_215)
FN:123,(anonymous_216)
FN:150,(anonymous_217)
FN:177,(anonymous_218)
FN:196,(anonymous_219)
FN:215,(anonymous_220)
FN:234,(anonymous_221)
FN:253,(anonymous_222)
FN:273,(anonymous_223)
FN:292,(anonymous_224)
FN:312,(anonymous_225)
FN:331,(anonymous_226)
FN:350,(anonymous_227)
FN:369,(anonymous_228)
FN:388,(anonymous_229)
FN:406,(anonymous_230)
FN:425,(anonymous_231)
FN:442,(anonymous_232)
FN:458,(anonymous_233)
FN:477,(anonymous_234)
FN:496,(anonymous_235)
FN:515,(anonymous_236)
FN:534,(anonymous_237)
FN:554,(anonymous_238)
FN:574,(anonymous_239)
FN:593,(anonymous_240)
FN:612,(anonymous_241)
FN:631,(anonymous_242)
FN:650,(anonymous_243)
FN:669,(anonymous_244)
FN:688,(anonymous_245)
FN:710,(anonymous_246)
FN:732,(anonymous_247)
FN:757,(anonymous_248)
FN:777,(anonymous_249)
FN:799,(anonymous_250)
FN:821,(anonymous_251)
FN:842,(anonymous_252)
FN:863,(anonymous_253)
FN:882,(anonymous_254)
FN:901,(anonymous_255)
FN:920,(anonymous_256)
FN:939,(anonymous_257)
FN:959,(anonymous_258)
FN:979,(anonymous_259)
FN:1000,(anonymous_260)
FN:1021,(anonymous_261)
FN:1043,(anonymous_262)
FN:1065,(anonymous_263)
FN:1085,(anonymous_264)
FN:1114,(anonymous_265)
FN:1143,(anonymous_266)
FN:1169,(anonymous_267)
FN:1222,(anonymous_268)
FN:1242,(anonymous_269)
FN:1262,(anonymous_270)
FN:1282,(anonymous_271)
FN:1302,(anonymous_272)
FN:1323,(anonymous_273)
FN:1342,(anonymous_274)
FN:1364,(anonymous_275)
FN:1386,(anonymous_276)
FN:1408,(anonymous_277)
FN:1430,(anonymous_278)
FN:1452,(anonymous_279)
FN:1474,(anonymous_280)
FN:1494,(anonymous_281)
FN:1515,(anonymous_282)
FN:1540,(anonymous_283)
FN:1564,(anonymous_284)
FN:1583,(anonymous_285)
FN:1604,(anonymous_286)
FN:1623,(anonymous_287)
FN:1631,alias
FNF:78
FNH:3
FNDA:1,(anonymous_211)
FNDA:0,(anonymous_212)
FNDA:0,(anonymous_213)
FNDA:0,(anonymous_214)
FNDA:0,(anonymous_215)
FNDA:0,(anonymous_216)
FNDA:0,(anonymous_217)
FNDA:0,(anonymous_218)
FNDA:0,(anonymous_219)
FNDA:0,(anonymous_220)
FNDA:0,(anonymous_221)
FNDA:0,(anonymous_222)
FNDA:0,(anonymous_223)
FNDA:0,(anonymous_224)
FNDA:0,(anonymous_225)
FNDA:3,(anonymous_226)
FNDA:0,(anonymous_227)
FNDA:0,(anonymous_228)
FNDA:0,(anonymous_229)
FNDA:0,(anonymous_230)
FNDA:0,(anonymous_231)
FNDA:0,(anonymous_232)
FNDA:0,(anonymous_233)
FNDA:0,(anonymous_234)
FNDA:0,(anonymous_235)
FNDA:0,(anonymous_236)
FNDA:0,(anonymous_237)
FNDA:0,(anonymous_238)
FNDA:0,(anonymous_239)
FNDA:0,(anonymous_240)
FNDA:0,(anonymous_241)
FNDA:0,(anonymous_242)
FNDA:0,(anonymous_243)
FNDA:0,(anonymous_244)
FNDA:0,(anonymous_245)
FNDA:0,(anonymous_246)
FNDA:0,(anonymous_247)
FNDA:0,(anonymous_248)
FNDA:0,(anonymous_249)
FNDA:0,(anonymous_250)
FNDA:0,(anonymous_251)
FNDA:0,(anonymous_252)
FNDA:0,(anonymous_253)
FNDA:0,(anonymous_254)
FNDA:0,(anonymous_255)
FNDA:0,(anonymous_256)
FNDA:0,(anonymous_257)
FNDA:0,(anonymous_258)
FNDA:0,(anonymous_259)
FNDA:0,(anonymous_260)
FNDA:0,(anonymous_261)
FNDA:0,(anonymous_262)
FNDA:0,(anonymous_263)
FNDA:0,(anonymous_264)
FNDA:0,(anonymous_265)
FNDA:0,(anonymous_266)
FNDA:0,(anonymous_267)
FNDA:0,(anonymous_268)
FNDA:0,(anonymous_269)
FNDA:0,(anonymous_270)
FNDA:0,(anonymous_271)
FNDA:0,(anonymous_272)
FNDA:0,(anonymous_273)
FNDA:0,(anonymous_274)
FNDA:0,(anonymous_275)
FNDA:0,(anonymous_276)
FNDA:0,(anonymous_277)
FNDA:0,(anonymous_278)
FNDA:0,(anonymous_279)
FNDA:0,(anonymous_280)
FNDA:0,(anonymous_281)
FNDA:0,(anonymous_282)
FNDA:0,(anonymous_283)
FNDA:0,(anonymous_284)
FNDA:0,(anonymous_285)
FNDA:0,(anonymous_286)
FNDA:0,(anonymous_287)
FNDA:10,alias
DA:8,1
DA:14,1
DA:15,1
DA:36,1
DA:37,0
DA:38,0
DA:59,1
DA:60,0
DA:61,0
DA:84,1
DA:85,0
DA:104,1
DA:105,0
DA:123,1
DA:124,0
DA:126,0
DA:150,1
DA:151,0
DA:153,0
DA:177,1
DA:178,0
DA:196,1
DA:197,0
DA:215,1
DA:216,0
DA:234,1
DA:235,0
DA:253,1
DA:254,0
DA:273,1
DA:274,0
DA:292,1
DA:293,0
DA:312,1
DA:313,0
DA:331,1
DA:332,3
DA:350,1
DA:351,0
DA:369,1
DA:370,0
DA:388,1
DA:389,0
DA:406,1
DA:407,0
DA:425,1
DA:426,0
DA:442,1
DA:443,0
DA:458,1
DA:459,0
DA:477,1
DA:478,0
DA:496,1
DA:497,0
DA:515,1
DA:516,0
DA:534,1
DA:535,0
DA:554,1
DA:555,0
DA:574,1
DA:575,0
DA:593,1
DA:594,0
DA:612,1
DA:613,0
DA:631,1
DA:632,0
DA:650,1
DA:651,0
DA:669,1
DA:670,0
DA:688,1
DA:689,0
DA:710,1
DA:711,0
DA:732,1
DA:733,0
DA:757,1
DA:758,0
DA:777,1
DA:778,0
DA:799,1
DA:800,0
DA:821,1
DA:822,0
DA:842,1
DA:843,0
DA:863,1
DA:864,0
DA:882,1
DA:883,0
DA:901,1
DA:902,0
DA:920,1
DA:921,0
DA:939,1
DA:940,0
DA:959,1
DA:960,0
DA:979,1
DA:980,0
DA:1000,1
DA:1001,0
DA:1021,1
DA:1022,0
DA:1043,1
DA:1044,0
DA:1065,1
DA:1066,0
DA:1085,1
DA:1086,0
DA:1114,1
DA:1115,0
DA:1116,0
DA:1117,0
DA:1120,0
DA:1121,0
DA:1143,1
DA:1144,0
DA:1145,0
DA:1146,0
DA:1149,0
DA:1169,1
DA:1171,0
DA:1173,0
DA:1174,0
DA:1176,0
DA:1177,0
DA:1179,0
DA:1180,0
DA:1182,0
DA:1183,0
DA:1185,0
DA:1186,0
DA:1188,0
DA:1189,0
DA:1191,0
DA:1192,0
DA:1194,0
DA:1195,0
DA:1197,0
DA:1199,0
DA:1200,0
DA:1222,1
DA:1223,0
DA:1242,1
DA:1243,0
DA:1262,1
DA:1263,0
DA:1282,1
DA:1283,0
DA:1302,1
DA:1303,0
DA:1323,1
DA:1324,0
DA:1342,1
DA:1343,0
DA:1364,1
DA:1365,0
DA:1386,1
DA:1387,0
DA:1408,1
DA:1409,0
DA:1430,1
DA:1431,0
DA:1452,1
DA:1453,0
DA:1474,1
DA:1475,0
DA:1494,1
DA:1495,0
DA:1496,0
DA:1515,1
DA:1516,0
DA:1540,1
DA:1541,0
DA:1564,1
DA:1565,0
DA:1583,1
DA:1584,0
DA:1604,1
DA:1605,0
DA:1623,1
DA:1624,0
DA:1631,1
DA:1632,10
DA:1633,10
LF:189
LH:83
BRDA:60,0,0,0
BRDA:60,0,1,0
BRDA:1115,1,0,0
BRDA:1115,1,1,0
BRDA:1115,2,0,0
BRDA:1115,2,1,0
BRDA:1144,3,0,0
BRDA:1144,3,1,0
BRDA:1172,4,0,0
BRDA:1172,4,1,0
BRDA:1172,4,2,0
BRDA:1172,4,3,0
BRDA:1172,4,4,0
BRDA:1172,4,5,0
BRDA:1172,4,6,0
BRDA:1172,4,7,0
BRDA:1172,4,8,0
BRDA:1495,5,0,0
BRDA:1495,5,1,0
BRF:19
BRH:0
end_of_record
TN:
SF:/Users/philpill/Projects/tbgscratch/static/js/webpack:/~/chai/lib/chai/interface/expect.js
FN:7,(anonymous_290)
FN:8,(anonymous_291)
FN:26,(anonymous_292)
FNF:3
FNH:1
FNDA:1,(anonymous_290)
FNDA:0,(anonymous_291)
FNDA:0,(anonymous_292)
DA:7,1
DA:8,1
DA:9,0
DA:26,1
DA:27,0
DA:28,0
LF:6
LH:3
BRDA:27,0,0,0
BRDA:27,0,1,0
BRF:2
BRH:0
end_of_record
TN:
SF:/Users/philpill/Projects/tbgscratch/static/js/webpack:/~/chai/lib/chai/interface/should.js
FN:7,(anonymous_294)
FN:10,loadShould
FN:12,shouldGetter
FN:18,shouldSetter
FN:55,(anonymous_298)
FN:79,(anonymous_299)
FN:107,(anonymous_300)
FN:125,(anonymous_301)
FN:147,(anonymous_302)
FN:171,(anonymous_303)
FN:189,(anonymous_304)
FNF:11
FNH:1
FNDA:1,(anonymous_294)
FNDA:0,loadShould
FNDA:0,shouldGetter
FNDA:0,shouldSetter
FNDA:0,(anonymous_298)
FNDA:0,(anonymous_299)
FNDA:0,(anonymous_300)
FNDA:0,(anonymous_301)
FNDA:0,(anonymous_302)
FNDA:0,(anonymous_303)
FNDA:0,(anonymous_304)
DA:7,1
DA:8,1
DA:13,0
DA:14,0
DA:16,0
DA:25,0
DA:33,0
DA:39,0
DA:55,0
DA:56,0
DA:57,0
DA:79,0
DA:80,0
DA:107,0
DA:108,0
DA:125,0
DA:126,0
DA:130,0
DA:147,0
DA:148,0
DA:171,0
DA:172,0
DA:189,0
DA:190,0
DA:193,0
DA:194,0
DA:196,0
DA:199,1
DA:200,1
LF:29
LH:4
BRDA:13,0,0,0
BRDA:13,0,1,0
BRDA:13,1,0,0
BRDA:13,1,1,0
BRDA:13,1,2,0
BRDA:56,2,0,0
BRDA:56,2,1,0
BRF:7
BRH:0
end_of_record
TN:
SF:/Users/philpill/Projects/tbgscratch/static/js/webpack:/~/chai/lib/chai/utils/addChainableMethod.js
FN:60,(anonymous_309)
FN:62,(anonymous_310)
FN:77,(anonymous_311)
FN:80,assert
FN:99,(anonymous_313)
FNF:5
FNH:1
FNDA:13,(anonymous_309)
FNDA:0,(anonymous_310)
FNDA:0,(anonymous_311)
FNDA:0,assert
FNDA:0,(anonymous_313)
DA:11,1
DA:12,1
DA:13,1
DA:20,1
DA:25,1
DA:28,1
DA:29,1
DA:60,1
DA:61,13
DA:62,8
DA:65,13
DA:71,13
DA:72,1
DA:74,13
DA:76,13
DA:78,0
DA:80,0
DA:81,0
DA:82,0
DA:83,0
DA:84,0
DA:85,0
DA:89,0
DA:91,0
DA:93,0
DA:94,0
DA:98,0
DA:99,0
DA:100,0
DA:101,0
DA:102,0
DA:107,0
DA:108,0
LF:33
LH:15
BRDA:61,0,0,8
BRDA:61,0,1,5
BRDA:71,1,0,1
BRDA:71,1,1,12
BRDA:82,2,0,0
BRDA:82,2,1,0
BRDA:82,3,0,0
BRDA:82,3,1,0
BRDA:85,4,0,0
BRDA:85,4,1,0
BRDA:89,5,0,0
BRDA:89,5,1,0
BRDA:100,6,0,0
BRDA:100,6,1,0
BRF:14
BRH:4
end_of_record
TN:
SF:/Users/philpill/Projects/tbgscratch/static/js/webpack:/~/chai/lib/chai/utils/addMethod.js
FN:36,(anonymous_315)
FN:37,(anonymous_316)
FNF:2
FNH:1
FNDA:40,(anonymous_315)
FNDA:0,(anonymous_316)
DA:7,1
DA:34,1
DA:36,1
DA:37,40
DA:38,0
DA:39,0
DA:40,0
DA:41,0
DA:42,0
LF:9
LH:4
BRDA:39,0,0,0
BRDA:39,0,1,0
BRDA:39,1,0,0
BRDA:39,1,1,0
BRDA:42,2,0,0
BRDA:42,2,1,0
BRF:6
BRH:0
end_of_record
TN:
SF:/Users/philpill/Projects/tbgscratch/static/js/webpack:/~/chai/lib/chai/utils/addProperty.js
FN:36,(anonymous_318)
FN:38,addProperty
FNF:2
FNH:2
FNDA:31,(anonymous_318)
FNDA:6,addProperty
DA:7,1
DA:8,1
DA:36,1
DA:37,31
DA:39,6
DA:40,6
DA:41,6
DA:43,6
DA:44,6
LF:9
LH:9
BRDA:40,0,0,6
BRDA:40,0,1,0
BRDA:40,1,0,6
BRDA:40,1,1,6
BRDA:44,2,0,3
BRDA:44,2,1,3
BRF:6
BRH:5
end_of_record
TN:
SF:/Users/philpill/Projects/tbgscratch/static/js/webpack:/~/chai/lib/chai/utils/expectTypes.js
FN:25,(anonymous_321)
FN:27,(anonymous_322)
FN:31,(anonymous_323)
FN:37,(anonymous_324)
FNF:4
FNH:0
FNDA:0,(anonymous_321)
FNDA:0,(anonymous_322)
FNDA:0,(anonymous_323)
FNDA:0,(anonymous_324)
DA:21,1
DA:22,1
DA:23,1
DA:25,1
DA:26,0
DA:27,0
DA:28,0
DA:31,0
DA:32,0
DA:33,0
DA:34,0
DA:37,0
DA:38,0
LF:13
LH:4
BRDA:32,0,0,0
BRDA:32,0,1,0
BRDA:33,1,0,0
BRDA:33,1,1,0
BRDA:37,2,0,0
BRDA:37,2,1,0
BRF:6
BRH:0
end_of_record
TN:
SF:/Users/philpill/Projects/tbgscratch/static/js/webpack:/~/chai/lib/chai/utils/flag.js
FN:26,(anonymous_440)
FNF:1
FNH:1
FNDA:27,(anonymous_440)
DA:26,1
DA:27,27
DA:28,27
DA:29,15
DA:31,12
LF:5
LH:5
BRDA:27,0,0,27
BRDA:27,0,1,3
BRDA:28,1,0,15
BRDA:28,1,1,12
BRF:4
BRH:4
end_of_record
TN:
SF:/Users/philpill/Projects/tbgscratch/static/js/webpack:/~/chai/lib/chai/utils/getActual.js
FN:18,(anonymous_425)
FNF:1
FNH:0
FNDA:0,(anonymous_425)
DA:18,1
DA:19,0
LF:2
LH:1
BRDA:19,0,0,0
BRDA:19,0,1,0
BRF:2
BRH:0
end_of_record
TN:
SF:/Users/philpill/Projects/tbgscratch/static/js/webpack:/~/chai/lib/chai/utils/getEnumerableProperties.js
FN:20,getEnumerableProperties
FNF:1
FNH:0
FNDA:0,getEnumerableProperties
DA:20,1
DA:21,0
DA:22,0
DA:23,0
DA:25,0
LF:5
LH:1
BRF:0
BRH:0
end_of_record
TN:
SF:/Users/philpill/Projects/tbgscratch/static/js/webpack:/~/chai/lib/chai/utils/getMessage.js
FN:35,(anonymous_328)
FN:46,(anonymous_329)
FN:47,(anonymous_330)
FN:48,(anonymous_331)
FNF:4
FNH:0
FNDA:0,(anonymous_328)
FNDA:0,(anonymous_329)
FNDA:0,(anonymous_330)
FNDA:0,(anonymous_331)
DA:11,1
DA:12,1
DA:13,1
DA:14,1
DA:35,1
DA:36,0
DA:37,0
DA:38,0
DA:39,0
DA:40,0
DA:41,0
DA:43,0
DA:44,0
DA:45,0
DA:46,0
DA:47,0
DA:48,0
DA:50,0
LF:18
LH:5
BRDA:40,0,0,0
BRDA:40,0,1,0
BRDA:43,1,0,0
BRDA:43,1,1,0
BRDA:44,2,0,0
BRDA:44,2,1,0
BRDA:50,3,0,0
BRDA:50,3,1,0
BRF:8
BRH:0
end_of_record
TN:
SF:/Users/philpill/Projects/tbgscratch/static/js/webpack:/~/chai/lib/chai/utils/getName.js
FN:17,(anonymous_427)
FNF:1
FNH:0
FNDA:0,(anonymous_427)
DA:17,1
DA:18,0
DA:20,0
DA:21,0
LF:4
LH:1
BRDA:18,0,0,0
BRDA:18,0,1,0
BRDA:21,1,0,0
BRDA:21,1,1,0
BRF:4
BRH:0
end_of_record
TN:
SF:/Users/philpill/Projects/tbgscratch/static/js/webpack:/~/chai/lib/chai/utils/getPathInfo.js
FN:31,getPathInfo
FN:65,parsePath
FN:68,(anonymous_431)
FN:92,_getPathValue
FNF:4
FNH:0
FNDA:0,getPathInfo
FNDA:0,parsePath
FNDA:0,(anonymous_431)
FNDA:0,_getPathValue
DA:7,1
DA:31,1
DA:32,0
DA:33,0
DA:35,0
DA:40,0
DA:42,0
DA:66,0
DA:67,0
DA:68,0
DA:69,0
DA:70,0
DA:71,0
DA:72,0
DA:93,0
DA:96,0
DA:98,0
DA:99,0
DA:100,0
DA:101,0
DA:102,0
DA:103,0
DA:104,0
DA:105,0
DA:107,0
DA:110,0
LF:26
LH:2
BRDA:36,0,0,0
BRDA:36,0,1,0
BRDA:37,1,0,0
BRDA:37,1,1,0
BRDA:71,2,0,0
BRDA:71,2,1,0
BRDA:96,3,0,0
BRDA:96,3,1,0
BRDA:100,4,0,0
BRDA:100,4,1,0
BRDA:101,5,0,0
BRDA:101,5,1,0
BRDA:103,6,0,0
BRDA:103,6,1,0
BRDA:105,7,0,0
BRDA:105,7,1,0
BRF:16
BRH:0
end_of_record
TN:
SF:/Users/philpill/Projects/tbgscratch/static/js/webpack:/~/chai/lib/chai/utils/getPathValue.js
FN:40,(anonymous_333)
FNF:1
FNH:0
FNDA:0,(anonymous_333)
DA:8,1
DA:40,1
DA:41,0
DA:42,0
LF:4
LH:2
BRF:0
BRH:0
end_of_record
TN:
SF:/Users/philpill/Projects/tbgscratch/static/js/webpack:/~/chai/lib/chai/utils/getProperties.js
FN:20,getProperties
FN:23,addProperty
FNF:2
FNH:0
FNDA:0,getProperties
FNDA:0,addProperty
DA:20,1
DA:21,0
DA:24,0
DA:25,0
DA:29,0
DA:30,0
DA:31,0
DA:32,0
DA:35,0
LF:9
LH:1
BRDA:24,0,0,0
BRDA:24,0,1,0
BRF:2
BRH:0
end_of_record
TN:
SF:/Users/philpill/Projects/tbgscratch/static/js/webpack:/~/chai/lib/chai/utils/hasProperty.js
FN:51,hasProperty
FNF:1
FNH:0
FNDA:0,hasProperty
DA:7,1
DA:46,1
DA:51,1
DA:52,0
DA:55,0
DA:56,0
DA:60,0
DA:61,0
DA:63,0
LF:9
LH:3
BRDA:55,0,0,0
BRDA:55,0,1,0
BRDA:55,1,0,0
BRDA:55,1,1,0
BRDA:60,2,0,0
BRDA:60,2,1,0
BRDA:60,3,0,0
BRDA:60,3,1,0
BRF:8
BRH:0
end_of_record
TN:
SF:/Users/philpill/Projects/tbgscratch/static/js/webpack:/~/chai/lib/chai/utils/index.js
FNF:0
FNH:0
DA:11,1
DA:17,1
DA:23,1
DA:28,1
DA:34,1
DA:40,1
DA:46,1
DA:52,1
DA:58,1
DA:64,1
DA:70,1
DA:76,1
DA:82,1
DA:88,1
DA:94,1
DA:100,1
DA:106,1
DA:112,1
DA:118,1
DA:124,1
DA:130,1
LF:21
LH:21
BRF:0
BRH:0
end_of_record
TN:
SF:/Users/philpill/Projects/tbgscratch/static/js/webpack:/~/chai/lib/chai/utils/inspect.js
FN:23,inspect
FN:27,(anonymous_398)
FN:33,(anonymous_399)
FN:44,formatValue
FN:173,(anonymous_401)
FN:184,formatPrimitive
FN:211,formatError
FN:216,formatArray
FN:226,(anonymous_405)
FN:236,formatProperty
FN:263,(anonymous_407)
FN:267,(anonymous_408)
FN:296,reduceToSingleString
FN:298,(anonymous_410)
FN:316,isArray
FN:321,isRegExp
FN:325,isDate
FN:329,isError
FN:333,objectToString
FNF:19
FNH:0
FNDA:0,inspect
FNDA:0,(anonymous_398)
FNDA:0,(anonymous_399)
FNDA:0,formatValue
FNDA:0,(anonymous_401)
FNDA:0,formatPrimitive
FNDA:0,formatError
FNDA:0,formatArray
FNDA:0,(anonymous_405)
FNDA:0,formatProperty
FNDA:0,(anonymous_407)
FNDA:0,(anonymous_408)
FNDA:0,reduceToSingleString
FNDA:0,(anonymous_410)
FNDA:0,isArray
FNDA:0,isRegExp
FNDA:0,isDate
FNDA:0,isError
FNDA:0,objectToString
DA:4,1
DA:5,1
DA:6,1
DA:8,1
DA:24,0
DA:27,0
DA:29,0
DA:33,1
DA:34,0
DA:35,0
DA:37,0
DA:47,0
DA:52,0
DA:53,0
DA:54,0
DA:56,0
DA:60,0
DA:61,0
DA:62,0
DA:66,0
DA:67,0
DA:68,0
DA:73,0
DA:74,0
DA:75,0
DA:76,0
DA:81,0
DA:82,0
DA:84,0
DA:85,0
DA:87,0
DA:88,0
DA:99,0
DA:100,0
DA:105,0
DA:109,0
DA:110,0
DA:111,0
DA:112,0
DA:114,0
DA:115,0
DA:117,0
DA:118,0
DA:120,0
DA:121,0
DA:125,0
DA:128,0
DA:129,0
DA:130,0
DA:134,0
DA:135,0
DA:136,0
DA:137,0
DA:141,0
DA:142,0
DA:146,0
DA:147,0
DA:151,0
DA:152,0
DA:155,0
DA:156,0
DA:159,0
DA:160,0
DA:161,0
DA:163,0
DA:167,0
DA:170,0
DA:171,0
DA:173,0
DA:174,0
DA:178,0
DA:180,0
DA:185,0
DA:187,0
DA:190,0
DA:193,0
DA:196,0
DA:197,0
DA:199,0
DA:202,0
DA:205,0
DA:206,0
DA:212,0
DA:217,0
DA:218,0
DA:219,0
DA:220,0
DA:223,0
DA:226,0
DA:227,0
DA:228,0
DA:232,0
DA:238,0
DA:239,0
DA:240,0
DA:241,0
DA:243,0
DA:246,0
DA:247,0
DA:251,0
DA:252,0
DA:254,0
DA:255,0
DA:256,0
DA:257,0
DA:259,0
DA:261,0
DA:262,0
DA:263,0
DA:264,0
DA:267,0
DA:268,0
DA:273,0
DA:276,0
DA:277,0
DA:278,0
DA:280,0
DA:281,0
DA:282,0
DA:283,0
DA:285,0
DA:288,0
DA:292,0
DA:297,0
DA:298,0
DA:299,0
DA:300,0
DA:301,0
DA:304,0
DA:305,0
DA:313,0
DA:317,0
DA:322,0
DA:326,0
DA:330,0
DA:334,0
LF:136
LH:5
BRDA:29,0,0,0
BRDA:29,0,1,0
BRDA:34,1,0,0
BRDA:34,1,1,0
BRDA:37,2,0,0
BRDA:37,2,1,0
BRDA:37,2,2,0
BRDA:37,2,3,0
BRDA:47,3,0,0
BRDA:47,3,1,0
BRDA:47,4,0,0
BRDA:47,4,1,0
BRDA:47,4,2,0
BRDA:47,4,3,0
BRDA:51,5,0,0
BRDA:51,5,1,0
BRDA:53,6,0,0
BRDA:53,6,1,0
BRDA:61,7,0,0
BRDA:61,7,1,0
BRDA:66,8,0,0
BRDA:66,8,1,0
BRDA:67,9,0,0
BRDA:67,9,1,0
BRDA:74,10,0,0
BRDA:74,10,1,0
BRDA:100,11,0,0
BRDA:100,11,1,0
BRDA:105,12,0,0
BRDA:105,12,1,0
BRDA:105,13,0,0
BRDA:105,13,1,0
BRDA:105,13,2,0
BRDA:105,13,3,0
BRDA:105,13,4,0
BRDA:105,13,5,0
BRDA:105,13,6,0
BRDA:109,14,0,0
BRDA:109,14,1,0
BRDA:111,15,0,0
BRDA:111,15,1,0
BRDA:114,16,0,0
BRDA:114,16,1,0
BRDA:117,17,0,0
BRDA:117,17,1,0
BRDA:120,18,0,0
BRDA:120,18,1,0
BRDA:128,19,0,0
BRDA:128,19,1,0
BRDA:134,20,0,0
BRDA:134,20,1,0
BRDA:136,21,0,0
BRDA:136,21,1,0
BRDA:141,22,0,0
BRDA:141,22,1,0
BRDA:146,23,0,0
BRDA:146,23,1,0
BRDA:151,24,0,0
BRDA:151,24,1,0
BRDA:155,25,0,0
BRDA:155,25,1,0
BRDA:155,26,0,0
BRDA:155,26,1,0
BRDA:155,26,2,0
BRDA:159,27,0,0
BRDA:159,27,1,0
BRDA:160,28,0,0
BRDA:160,28,1,0
BRDA:170,29,0,0
BRDA:170,29,1,0
BRDA:186,30,0,0
BRDA:186,30,1,0
BRDA:186,30,2,0
BRDA:186,30,3,0
BRDA:196,31,0,0
BRDA:196,31,1,0
BRDA:196,32,0,0
BRDA:196,32,1,0
BRDA:205,33,0,0
BRDA:205,33,1,0
BRDA:219,34,0,0
BRDA:219,34,1,0
BRDA:227,35,0,0
BRDA:227,35,1,0
BRDA:238,36,0,0
BRDA:238,36,1,0
BRDA:239,37,0,0
BRDA:239,37,1,0
BRDA:240,38,0,0
BRDA:240,38,1,0
BRDA:246,39,0,0
BRDA:246,39,1,0
BRDA:251,40,0,0
BRDA:251,40,1,0
BRDA:254,41,0,0
BRDA:254,41,1,0
BRDA:255,42,0,0
BRDA:255,42,1,0
BRDA:256,43,0,0
BRDA:256,43,1,0
BRDA:261,44,0,0
BRDA:261,44,1,0
BRDA:262,45,0,0
BRDA:262,45,1,0
BRDA:276,46,0,0
BRDA:276,46,1,0
BRDA:277,47,0,0
BRDA:277,47,1,0
BRDA:277,48,0,0
BRDA:277,48,1,0
BRDA:281,49,0,0
BRDA:281,49,1,0
BRDA:300,50,0,0
BRDA:300,50,1,0
BRDA:304,51,0,0
BRDA:304,51,1,0
BRDA:306,52,0,0
BRDA:306,52,1,0
BRDA:317,53,0,0
BRDA:317,53,1,0
BRDA:317,53,2,0
BRDA:322,54,0,0
BRDA:322,54,1,0
BRDA:326,55,0,0
BRDA:326,55,1,0
BRDA:330,56,0,0
BRDA:330,56,1,0
BRF:127
BRH:0
end_of_record
TN:
SF:/Users/philpill/Projects/tbgscratch/static/js/webpack:/~/chai/lib/chai/utils/objDisplay.js
FN:27,(anonymous_436)
FNF:1
FNH:0
FNDA:0,(anonymous_436)
DA:11,1
DA:12,1
DA:27,1
DA:28,0
DA:29,0
DA:31,0
DA:32,0
DA:33,0
DA:36,0
DA:37,0
DA:38,0
DA:39,0
DA:40,0
DA:43,0
DA:45,0
DA:48,0
LF:16
LH:3
BRDA:31,0,0,0
BRDA:31,0,1,0
BRDA:31,1,0,0
BRDA:31,1,1,0
BRDA:32,2,0,0
BRDA:32,2,1,0
BRDA:34,3,0,0
BRDA:34,3,1,0
BRDA:33,4,0,0
BRDA:33,4,1,0
BRDA:36,5,0,0
BRDA:36,5,1,0
BRDA:38,6,0,0
BRDA:38,6,1,0
BRDA:41,7,0,0
BRDA:41,7,1,0
BRF:16
BRH:0
end_of_record
TN:
SF:/Users/philpill/Projects/tbgscratch/static/js/webpack:/~/chai/lib/chai/utils/overwriteChainableMethod.js
FN:40,(anonymous_339)
FN:44,(anonymous_340)
FN:50,(anonymous_341)
FNF:3
FNH:0
FNDA:0,(anonymous_339)
FNDA:0,(anonymous_340)
FNDA:0,(anonymous_341)
DA:40,1
DA:41,0
DA:43,0
DA:44,0
DA:45,0
DA:46,0
DA:49,0
DA:50,0
DA:51,0
DA:52,0
LF:10
LH:1
BRDA:46,0,0,0
BRDA:46,0,1,0
BRDA:52,1,0,0
BRDA:52,1,1,0
BRF:4
BRH:0
end_of_record
TN:
SF:/Users/philpill/Projects/tbgscratch/static/js/webpack:/~/chai/lib/chai/utils/overwriteMethod.js
FN:41,(anonymous_343)
FN:43,(anonymous_344)
FN:48,(anonymous_345)
FNF:3
FNH:0
FNDA:0,(anonymous_343)
FNDA:0,(anonymous_344)
FNDA:0,(anonymous_345)
DA:41,1
DA:42,0
DA:43,0
DA:45,0
DA:46,0
DA:48,0
DA:49,0
DA:50,0
LF:8
LH:1
BRDA:45,0,0,0
BRDA:45,0,1,0
BRDA:45,1,0,0
BRDA:45,1,1,0
BRDA:50,2,0,0
BRDA:50,2,1,0
BRF:6
BRH:0
end_of_record
TN:
SF:/Users/philpill/Projects/tbgscratch/static/js/webpack:/~/chai/lib/chai/utils/overwriteProperty.js
FN:41,(anonymous_347)
FN:43,(anonymous_348)
FN:49,(anonymous_349)
FNF:3
FNH:0
FNDA:0,(anonymous_347)
FNDA:0,(anonymous_348)
FNDA:0,(anonymous_349)
DA:41,1
DA:42,0
DA:43,0
DA:45,0
DA:46,0
DA:48,0
DA:50,0
DA:51,0
LF:8
LH:1
BRDA:45,0,0,0
BRDA:45,0,1,0
BRDA:45,1,0,0
BRDA:45,1,1,0
BRDA:51,2,0,0
BRDA:51,2,1,0
BRF:6
BRH:0
end_of_record
TN:
SF:/Users/philpill/Projects/tbgscratch/static/js/webpack:/~/chai/lib/chai/utils/test.js
FN:24,(anonymous_351)
FNF:1
FNH:1
FNDA:3,(anonymous_351)
DA:11,1
DA:24,1
DA:25,3
DA:26,3
DA:27,3
LF:5
LH:5
BRDA:27,0,0,0
BRDA:27,0,1,3
BRF:2
BRH:1
end_of_record
TN:
SF:/Users/philpill/Projects/tbgscratch/static/js/webpack:/~/chai/lib/chai/utils/transferFlags.js
FN:30,(anonymous_438)
FNF:1
FNH:0
FNDA:0,(anonymous_438)
DA:30,1
DA:31,0
DA:33,0
DA:34,0
DA:37,0
DA:39,0
DA:40,0
DA:42,0
LF:8
LH:1
BRDA:31,0,0,0
BRDA:31,0,1,0
BRDA:33,1,0,0
BRDA:33,1,1,0
BRDA:37,2,0,0
BRDA:37,2,1,0
BRDA:40,3,0,0
BRDA:40,3,1,0
BRDA:40,4,0,0
BRDA:40,4,1,0
BRDA:40,4,2,0
BRDA:40,4,3,0
BRF:12
BRH:0
end_of_record
TN:
SF:/Users/philpill/Projects/tbgscratch/static/js/webpack:/~/deep-eql/index.js
FNF:0
FNH:0
DA:1,1
LF:1
LH:1
BRF:0
BRH:0
end_of_record
TN:
SF:/Users/philpill/Projects/tbgscratch/static/js/webpack:/~/deep-eql/lib/eql.js
FN:21,(anonymous_354)
FN:40,deepEqual
FN:70,sameValue
FN:86,typeEqual
FN:99,dateEqual
FN:113,regexpEqual
FN:129,argumentsEqual
FN:143,enumerable
FN:158,iterableEqual
FN:183,bufferEqual
FN:196,isValue
FN:211,objectEqual
FNF:12
FNH:0
FNDA:0,(anonymous_354)
FNDA:0,deepEqual
FNDA:0,sameValue
FNDA:0,typeEqual
FNDA:0,dateEqual
FNDA:0,regexpEqual
FNDA:0,argumentsEqual
FNDA:0,enumerable
FNDA:0,iterableEqual
FNDA:0,bufferEqual
FNDA:0,isValue
FNDA:0,objectEqual
DA:11,1
DA:18,1
DA:20,0
DA:21,0
DA:28,1
DA:41,0
DA:42,0
DA:43,0
DA:44,0
DA:45,0
DA:46,0
DA:47,0
DA:48,0
DA:49,0
DA:50,0
DA:51,0
DA:52,0
DA:53,0
DA:55,0
DA:57,0
DA:71,0
DA:72,0
DA:87,0
DA:100,0
DA:101,0
DA:114,0
DA:115,0
DA:130,0
DA:131,0
DA:132,0
DA:133,0
DA:144,0
DA:145,0
DA:146,0
DA:159,0
DA:161,0
DA:162,0
DA:164,0
DA:165,0
DA:166,0
DA:167,0
DA:171,0
DA:184,0
DA:185,0
DA:197,0
DA:212,0
DA:213,0
DA:216,0
DA:217,0
DA:221,0
DA:222,0
DA:223,0
DA:225,0
DA:229,0
DA:232,0
DA:233,0
DA:234,0
DA:236,0
DA:239,0
DA:240,0
DA:242,0
DA:243,0
DA:246,0
DA:249,0
DA:250,0
DA:251,0
DA:252,0
DA:256,0
LF:68
LH:3
BRDA:41,0,0,0
BRDA:41,0,1,0
BRDA:43,1,0,0
BRDA:43,1,1,0
BRDA:45,2,0,0
BRDA:45,2,1,0
BRDA:47,3,0,0
BRDA:47,3,1,0
BRDA:49,4,0,0
BRDA:49,4,1,0
BRDA:51,5,0,0
BRDA:51,5,1,0
BRDA:53,6,0,0
BRDA:53,6,1,0
BRDA:53,7,0,0
BRDA:53,7,1,0
BRDA:53,7,2,0
BRDA:53,7,3,0
BRDA:71,8,0,0
BRDA:71,8,1,0
BRDA:72,9,0,0
BRDA:72,9,1,0
BRDA:100,10,0,0
BRDA:100,10,1,0
BRDA:114,11,0,0
BRDA:114,11,1,0
BRDA:130,12,0,0
BRDA:130,12,1,0
BRDA:159,13,0,0
BRDA:159,13,1,0
BRDA:165,14,0,0
BRDA:165,14,1,0
BRDA:184,15,0,0
BRDA:184,15,1,0
BRDA:197,16,0,0
BRDA:197,16,1,0
BRDA:212,17,0,0
BRDA:212,17,1,0
BRDA:212,18,0,0
BRDA:212,18,1,0
BRDA:216,19,0,0
BRDA:216,19,1,0
BRDA:221,20,0,0
BRDA:221,20,1,0
BRDA:223,21,0,0
BRDA:223,21,1,0
BRDA:223,22,0,0
BRDA:223,22,1,0
BRDA:223,22,2,0
BRDA:223,22,3,0
BRDA:242,23,0,0
BRDA:242,23,1,0
BRDA:251,24,0,0
BRDA:251,24,1,0
BRF:54
BRH:0
end_of_record
TN:
SF:/Users/philpill/Projects/tbgscratch/static/js/webpack:/~/deep-eql/~/type-detect/index.js
FNF:0
FNH:0
DA:1,1
LF:1
LH:1
BRF:0
BRH:0
end_of_record
TN:
SF:/Users/philpill/Projects/tbgscratch/static/js/webpack:/~/deep-eql/~/type-detect/lib/type.js
FN:37,getType
FN:59,Library
FN:107,(anonymous_370)
FN:131,(anonymous_371)
FNF:4
FNH:0
FNDA:0,getType
FNDA:0,Library
FNDA:0,(anonymous_370)
FNDA:0,(anonymous_371)
DA:11,1
DA:17,1
DA:38,0
DA:39,0
DA:40,0
DA:41,0
DA:42,0
DA:43,0
DA:46,1
DA:60,0
DA:78,1
DA:107,1
DA:108,0
DA:109,0
DA:110,0
DA:131,1
DA:132,0
DA:133,0
DA:135,0
DA:136,0
DA:137,0
DA:138,0
DA:140,0
LF:23
LH:6
BRDA:39,0,0,0
BRDA:39,0,1,0
BRDA:40,1,0,0
BRDA:40,1,1,0
BRDA:41,2,0,0
BRDA:41,2,1,0
BRDA:42,3,0,0
BRDA:42,3,1,0
BRDA:108,4,0,0
BRDA:108,4,1,0
BRDA:132,5,0,0
BRDA:132,5,1,0
BRDA:135,6,0,0
BRDA:135,6,1,0
BRDA:135,7,0,0
BRDA:135,7,1,0
BRDA:137,8,0,0
BRDA:137,8,1,0
BRDA:137,9,0,0
BRDA:137,9,1,0
BRF:20
BRH:0
end_of_record
TN:
SF:/Users/philpill/Projects/tbgscratch/static/js/webpack:/~/ieee754/index.js
FN:1,(anonymous_373)
FN:34,(anonymous_374)
FNF:2
FNH:0
FNDA:0,(anonymous_373)
FNDA:0,(anonymous_374)
DA:1,1
DA:3,0
DA:4,0
DA:5,0
DA:6,0
DA:7,0
DA:8,0
DA:9,0
DA:11,0
DA:13,0
DA:14,0
DA:15,0
DA:16,0
DA:18,0
DA:19,0
DA:20,0
DA:21,0
DA:23,0
DA:24,0
DA:25,0
DA:26,0
DA:28,0
DA:29,0
DA:31,0
DA:34,1
DA:36,0
DA:37,0
DA:38,0
DA:39,0
DA:40,0
DA:41,0
DA:42,0
DA:44,0
DA:46,0
DA:47,0
DA:48,0
DA:50,0
DA:51,0
DA:52,0
DA:53,0
DA:55,0
DA:56,0
DA:58,0
DA:60,0
DA:61,0
DA:62,0
DA:65,0
DA:66,0
DA:67,0
DA:68,0
DA:69,0
DA:70,0
DA:72,0
DA:73,0
DA:77,0
DA:79,0
DA:80,0
DA:81,0
DA:83,0
LF:59
LH:2
BRDA:7,0,0,0
BRDA:7,0,1,0
BRDA:8,1,0,0
BRDA:8,1,1,0
BRDA:23,2,0,0
BRDA:23,2,1,0
BRDA:25,3,0,0
BRDA:25,3,1,0
BRDA:26,4,0,0
BRDA:26,4,1,0
BRDA:31,5,0,0
BRDA:31,5,1,0
BRDA:39,6,0,0
BRDA:39,6,1,0
BRDA:40,7,0,0
BRDA:40,7,1,0
BRDA:41,8,0,0
BRDA:41,8,1,0
BRDA:42,9,0,0
BRDA:42,9,1,0
BRDA:42,10,0,0
BRDA:42,10,1,0
BRDA:42,10,2,0
BRDA:46,11,0,0
BRDA:46,11,1,0
BRDA:46,12,0,0
BRDA:46,12,1,0
BRDA:47,13,0,0
BRDA:47,13,1,0
BRDA:51,14,0,0
BRDA:51,14,1,0
BRDA:55,15,0,0
BRDA:55,15,1,0
BRDA:60,16,0,0
BRDA:60,16,1,0
BRDA:65,17,0,0
BRDA:65,17,1,0
BRDA:68,18,0,0
BRDA:68,18,1,0
BRF:39
BRH:0
end_of_record
TN:
SF:/Users/philpill/Projects/tbgscratch/static/js/webpack:/~/isarray/index.js
FN:3,(anonymous_376)
FNF:1
FNH:0
FNDA:0,(anonymous_376)
DA:1,1
DA:3,1
DA:4,0
LF:3
LH:2
BRDA:3,0,0,1
BRDA:3,0,1,0
BRF:2
BRH:1
end_of_record
TN:
SF:/Users/philpill/Projects/tbgscratch/static/js/webpack:/~/type-detect/index.js
FNF:0
FNH:0
DA:1,1
LF:1
LH:1
BRF:0
BRH:0
end_of_record
TN:
SF:/Users/philpill/Projects/tbgscratch/static/js/webpack:/~/type-detect/lib/type.js
FN:26,getType
FN:50,Library
FN:99,(anonymous_382)
FN:123,(anonymous_383)
FNF:4
FNH:0
FNDA:0,getType
FNDA:0,Library
FNDA:0,(anonymous_382)
FNDA:0,(anonymous_383)
DA:11,1
DA:24,1
DA:27,0
DA:29,0
DA:31,0
DA:33,0
DA:34,0
DA:37,1
DA:51,0
DA:52,0
DA:70,1
DA:99,1
DA:100,0
DA:101,0
DA:102,0
DA:123,1
DA:124,0
DA:125,0
DA:127,0
DA:128,0
DA:129,0
DA:130,0
DA:132,0
LF:23
LH:6
BRDA:29,0,0,0
BRDA:29,0,1,0
BRDA:31,1,0,0
BRDA:31,1,1,0
BRDA:33,2,0,0
BRDA:33,2,1,0
BRDA:51,3,0,0
BRDA:51,3,1,0
BRDA:100,4,0,0
BRDA:100,4,1,0
BRDA:124,5,0,0
BRDA:124,5,1,0
BRDA:127,6,0,0
BRDA:127,6,1,0
BRDA:127,7,0,0
BRDA:127,7,1,0
BRDA:129,8,0,0
BRDA:129,8,1,0
BRDA:129,9,0,0
BRDA:129,9,1,0
BRF:20
BRH:0
end_of_record
